Flow report for udp_tx
Fri Jul 28 11:54:41 2023
Quartus Prime Version 18.1.0 Build 625 09/12/2018 SJ Standard Edition


---------------------
; Table of Contents ;
---------------------
  1. Legal Notice
  2. Flow Summary
  3. Flow Settings
  4. Flow Non-Default Global Settings
  5. Flow Elapsed Time
  6. Flow OS Summary
  7. Flow Log
  8. Flow Messages
  9. Flow Suppressed Messages



----------------
; Legal Notice ;
----------------
Copyright (C) 2018  Intel Corporation. All rights reserved.
Your use of Intel Corporation's design tools, logic functions 
and other software and tools, and its AMPP partner logic 
functions, and any output files from any of the foregoing 
(including device programming or simulation files), and any 
associated documentation or information are expressly subject 
to the terms and conditions of the Intel Program License 
Subscription Agreement, the Intel Quartus Prime License Agreement,
the Intel FPGA IP License Agreement, or other applicable license
agreement, including, without limitation, that your use is for
the sole purpose of programming logic devices manufactured by
Intel and sold by Intel or its authorized distributors.  Please
refer to the applicable agreement for further details.



+--------------------------------------------------------------------------------------+
; Flow Summary                                                                         ;
+------------------------------------+-------------------------------------------------+
; Flow Status                        ; Successful - Fri Jul 28 11:54:41 2023           ;
; Quartus Prime Version              ; 18.1.0 Build 625 09/12/2018 SJ Standard Edition ;
; Revision Name                      ; udp_tx                                          ;
; Top-level Entity Name              ; eht_udp_tx_gmii_test                            ;
; Family                             ; Cyclone IV E                                    ;
; Device                             ; EP4CE10F17C8                                    ;
; Timing Models                      ; Final                                           ;
; Total logic elements               ; 350 / 10,320 ( 3 % )                            ;
;     Total combinational functions  ; 324 / 10,320 ( 3 % )                            ;
;     Dedicated logic registers      ; 176 / 10,320 ( 2 % )                            ;
; Total registers                    ; 188                                             ;
; Total pins                         ; 9 / 180 ( 5 % )                                 ;
; Total virtual pins                 ; 0                                               ;
; Total memory bits                  ; 0 / 423,936 ( 0 % )                             ;
; Embedded Multiplier 9-bit elements ; 0 / 46 ( 0 % )                                  ;
; Total PLLs                         ; 1 / 2 ( 50 % )                                  ;
+------------------------------------+-------------------------------------------------+


+-----------------------------------------+
; Flow Settings                           ;
+-------------------+---------------------+
; Option            ; Setting             ;
+-------------------+---------------------+
; Start date & time ; 07/28/2023 11:54:23 ;
; Main task         ; Compilation         ;
; Revision Name     ; udp_tx              ;
+-------------------+---------------------+


+-------------------------------------------------------------------------------------------------------------------------------------------+
; Flow Non-Default Global Settings                                                                                                          ;
+--------------------------------------+----------------------------------------+---------------+----------------------+--------------------+
; Assignment Name                      ; Value                                  ; Default Value ; Entity Name          ; Section Id         ;
+--------------------------------------+----------------------------------------+---------------+----------------------+--------------------+
; COMPILER_SIGNATURE_ID                ; 198112243479721.169051646329244        ; --            ; --                   ; --                 ;
; EDA_DESIGN_INSTANCE_NAME             ; NA                                     ; --            ; --                   ; udp_tx_test_tb     ;
; EDA_DESIGN_INSTANCE_NAME             ; NA                                     ; --            ; --                   ; eth_udp_tx_gmii_tb ;
; EDA_NATIVELINK_SIMULATION_TEST_BENCH ; udp_tx_test_tb                         ; --            ; --                   ; eda_simulation     ;
; EDA_OUTPUT_DATA_FORMAT               ; Verilog Hdl                            ; --            ; --                   ; eda_simulation     ;
; EDA_SIMULATION_TOOL                  ; ModelSim-Altera (Verilog)              ; <None>        ; --                   ; --                 ;
; EDA_TEST_BENCH_ENABLE_STATUS         ; TEST_BENCH_MODE                        ; --            ; --                   ; eda_simulation     ;
; EDA_TEST_BENCH_FILE                  ; ../testbench/udp_tx_test_tb.v          ; --            ; --                   ; udp_tx_test_tb     ;
; EDA_TEST_BENCH_FILE                  ; ../testbench/eth_udp_tx_gmii_tb.v      ; --            ; --                   ; eth_udp_tx_gmii_tb ;
; EDA_TEST_BENCH_MODULE_NAME           ; udp_tx_test_tb                         ; --            ; --                   ; udp_tx_test_tb     ;
; EDA_TEST_BENCH_MODULE_NAME           ; eth_udp_tx_gmii_tb                     ; --            ; --                   ; eth_udp_tx_gmii_tb ;
; EDA_TEST_BENCH_NAME                  ; eth_udp_tx_gmii_tb                     ; --            ; --                   ; eda_simulation     ;
; EDA_TEST_BENCH_NAME                  ; udp_tx_test_tb                         ; --            ; --                   ; eda_simulation     ;
; EDA_TIME_SCALE                       ; 1 ps                                   ; --            ; --                   ; eda_simulation     ;
; MAX_CORE_JUNCTION_TEMP               ; 85                                     ; --            ; --                   ; --                 ;
; MIN_CORE_JUNCTION_TEMP               ; 0                                      ; --            ; --                   ; --                 ;
; MISC_FILE                            ; ip/pll_bb.v                            ; --            ; --                   ; --                 ;
; MISC_FILE                            ; ip/pll.ppf                             ; --            ; --                   ; --                 ;
; NOMINAL_CORE_SUPPLY_VOLTAGE          ; 1.2V                                   ; --            ; --                   ; --                 ;
; PARTITION_COLOR                      ; -- (Not supported for targeted family) ; --            ; eht_udp_tx_gmii_test ; Top                ;
; PARTITION_FITTER_PRESERVATION_LEVEL  ; -- (Not supported for targeted family) ; --            ; eht_udp_tx_gmii_test ; Top                ;
; PARTITION_NETLIST_TYPE               ; -- (Not supported for targeted family) ; --            ; eht_udp_tx_gmii_test ; Top                ;
; POWER_BOARD_THERMAL_MODEL            ; None (CONSERVATIVE)                    ; --            ; --                   ; --                 ;
; POWER_PRESET_COOLING_SOLUTION        ; 23 MM HEAT SINK WITH 200 LFPM AIRFLOW  ; --            ; --                   ; --                 ;
; PROJECT_OUTPUT_DIRECTORY             ; output_files                           ; --            ; --                   ; --                 ;
; TOP_LEVEL_ENTITY                     ; eht_udp_tx_gmii_test                   ; udp_tx        ; --                   ; --                 ;
+--------------------------------------+----------------------------------------+---------------+----------------------+--------------------+


+--------------------------------------------------------------------------------------------------------------------------+
; Flow Elapsed Time                                                                                                        ;
+----------------------+--------------+-------------------------+---------------------+------------------------------------+
; Module Name          ; Elapsed Time ; Average Processors Used ; Peak Virtual Memory ; Total CPU Time (on all processors) ;
+----------------------+--------------+-------------------------+---------------------+------------------------------------+
; Analysis & Synthesis ; 00:00:08     ; 1.0                     ; 4848 MB             ; 00:00:18                           ;
; Fitter               ; 00:00:03     ; 1.1                     ; 6513 MB             ; 00:00:05                           ;
; Assembler            ; 00:00:01     ; 1.0                     ; 4674 MB             ; 00:00:01                           ;
; Timing Analyzer      ; 00:00:01     ; 1.2                     ; 4897 MB             ; 00:00:01                           ;
; EDA Netlist Writer   ; 00:00:01     ; 1.0                     ; 4643 MB             ; 00:00:01                           ;
; Total                ; 00:00:14     ; --                      ; --                  ; 00:00:26                           ;
+----------------------+--------------+-------------------------+---------------------+------------------------------------+


+------------------------------------------------------------------------------------+
; Flow OS Summary                                                                    ;
+----------------------+------------------+------------+------------+----------------+
; Module Name          ; Machine Hostname ; OS Name    ; OS Version ; Processor type ;
+----------------------+------------------+------------+------------+----------------+
; Analysis & Synthesis ; Snail            ; Windows 10 ; 10.0       ; x86_64         ;
; Fitter               ; Snail            ; Windows 10 ; 10.0       ; x86_64         ;
; Assembler            ; Snail            ; Windows 10 ; 10.0       ; x86_64         ;
; Timing Analyzer      ; Snail            ; Windows 10 ; 10.0       ; x86_64         ;
; EDA Netlist Writer   ; Snail            ; Windows 10 ; 10.0       ; x86_64         ;
+----------------------+------------------+------------+------------+----------------+


------------
; Flow Log ;
------------
quartus_map --read_settings_files=on --write_settings_files=off udp_tx -c udp_tx
quartus_fit --read_settings_files=off --write_settings_files=off udp_tx -c udp_tx
quartus_asm --read_settings_files=off --write_settings_files=off udp_tx -c udp_tx
quartus_sta udp_tx -c udp_tx
quartus_eda --read_settings_files=off --write_settings_files=off udp_tx -c udp_tx



