Flow report for io
Tue Sep 05 08:43:46 2023
Quartus Prime Version 18.1.0 Build 625 09/12/2018 SJ Standard Edition


---------------------
; Table of Contents ;
---------------------
  1. Legal Notice
  2. Flow Summary
  3. Flow Settings
  4. Flow Non-Default Global Settings
  5. Flow Elapsed Time
  6. Flow OS Summary
  7. Flow Log
  8. Flow Messages
  9. Flow Suppressed Messages



----------------
; Legal Notice ;
----------------
Copyright (C) 2018  Intel Corporation. All rights reserved.
Your use of Intel Corporation's design tools, logic functions 
and other software and tools, and its AMPP partner logic 
functions, and any output files from any of the foregoing 
(including device programming or simulation files), and any 
associated documentation or information are expressly subject 
to the terms and conditions of the Intel Program License 
Subscription Agreement, the Intel Quartus Prime License Agreement,
the Intel FPGA IP License Agreement, or other applicable license
agreement, including, without limitation, that your use is for
the sole purpose of programming logic devices manufactured by
Intel and sold by Intel or its authorized distributors.  Please
refer to the applicable agreement for further details.



+--------------------------------------------------------------------------------------+
; Flow Summary                                                                         ;
+------------------------------------+-------------------------------------------------+
; Flow Status                        ; Successful - Tue Sep 05 08:43:46 2023           ;
; Quartus Prime Version              ; 18.1.0 Build 625 09/12/2018 SJ Standard Edition ;
; Revision Name                      ; io                                              ;
; Top-level Entity Name              ; io                                              ;
; Family                             ; Cyclone IV E                                    ;
; Device                             ; EP4CE10F17C8                                    ;
; Timing Models                      ; Final                                           ;
; Total logic elements               ; N/A until Partition Merge                       ;
;     Total combinational functions  ; N/A until Partition Merge                       ;
;     Dedicated logic registers      ; N/A until Partition Merge                       ;
; Total registers                    ; N/A until Partition Merge                       ;
; Total pins                         ; N/A until Partition Merge                       ;
; Total virtual pins                 ; N/A until Partition Merge                       ;
; Total memory bits                  ; N/A until Partition Merge                       ;
; Embedded Multiplier 9-bit elements ; N/A until Partition Merge                       ;
; Total PLLs                         ; N/A until Partition Merge                       ;
+------------------------------------+-------------------------------------------------+


+-----------------------------------------+
; Flow Settings                           ;
+-------------------+---------------------+
; Option            ; Setting             ;
+-------------------+---------------------+
; Start date & time ; 09/04/2023 16:37:04 ;
; Main task         ; Compilation         ;
; Revision Name     ; io                  ;
+-------------------+---------------------+


+------------------------------------------------------------------------------------------------------------------------------+
; Flow Non-Default Global Settings                                                                                             ;
+--------------------------------------+----------------------------------------+---------------+-------------+----------------+
; Assignment Name                      ; Value                                  ; Default Value ; Entity Name ; Section Id     ;
+--------------------------------------+----------------------------------------+---------------+-------------+----------------+
; COMPILER_SIGNATURE_ID                ; 198112243479721.169381662313908        ; --            ; --          ; --             ;
; EDA_DESIGN_INSTANCE_NAME             ; NA                                     ; --            ; --          ; io_tb          ;
; EDA_NATIVELINK_SIMULATION_TEST_BENCH ; io_tb                                  ; --            ; --          ; eda_simulation ;
; EDA_OUTPUT_DATA_FORMAT               ; Verilog Hdl                            ; --            ; --          ; eda_simulation ;
; EDA_SIMULATION_TOOL                  ; ModelSim-Altera (Verilog)              ; <None>        ; --          ; --             ;
; EDA_TEST_BENCH_ENABLE_STATUS         ; TEST_BENCH_MODE                        ; --            ; --          ; eda_simulation ;
; EDA_TEST_BENCH_FILE                  ; ../testbench/io_tb.v                   ; --            ; --          ; io_tb          ;
; EDA_TEST_BENCH_MODULE_NAME           ; io_tb                                  ; --            ; --          ; io_tb          ;
; EDA_TEST_BENCH_NAME                  ; io_tb                                  ; --            ; --          ; eda_simulation ;
; EDA_TIME_SCALE                       ; 1 ps                                   ; --            ; --          ; eda_simulation ;
; ENABLE_SIGNALTAP                     ; On                                     ; --            ; --          ; --             ;
; MAX_CORE_JUNCTION_TEMP               ; 85                                     ; --            ; --          ; --             ;
; MIN_CORE_JUNCTION_TEMP               ; 0                                      ; --            ; --          ; --             ;
; NOMINAL_CORE_SUPPLY_VOLTAGE          ; 1.2V                                   ; --            ; --          ; --             ;
; PARTITION_COLOR                      ; -- (Not supported for targeted family) ; --            ; --          ; Top            ;
; PARTITION_FITTER_PRESERVATION_LEVEL  ; -- (Not supported for targeted family) ; --            ; --          ; Top            ;
; PARTITION_NETLIST_TYPE               ; -- (Not supported for targeted family) ; --            ; --          ; Top            ;
; POWER_BOARD_THERMAL_MODEL            ; None (CONSERVATIVE)                    ; --            ; --          ; --             ;
; POWER_PRESET_COOLING_SOLUTION        ; 23 MM HEAT SINK WITH 200 LFPM AIRFLOW  ; --            ; --          ; --             ;
; PROJECT_OUTPUT_DIRECTORY             ; output_files                           ; --            ; --          ; --             ;
; USE_SIGNALTAP_FILE                   ; ../stp1.stp                            ; --            ; --          ; --             ;
+--------------------------------------+----------------------------------------+---------------+-------------+----------------+


+--------------------------------------------------------------------------------------------------------------------------+
; Flow Elapsed Time                                                                                                        ;
+----------------------+--------------+-------------------------+---------------------+------------------------------------+
; Module Name          ; Elapsed Time ; Average Processors Used ; Peak Virtual Memory ; Total CPU Time (on all processors) ;
+----------------------+--------------+-------------------------+---------------------+------------------------------------+
; Analysis & Synthesis ; 00:00:08     ; 1.0                     ; 4774 MB             ; 00:00:19                           ;
; Fitter               ; 00:00:03     ; 1.0                     ; 6486 MB             ; 00:00:04                           ;
; Assembler            ; 00:00:01     ; 1.0                     ; 4669 MB             ; 00:00:01                           ;
; Timing Analyzer      ; 00:00:01     ; 1.0                     ; 4869 MB             ; 00:00:01                           ;
; EDA Netlist Writer   ; 00:00:01     ; 1.0                     ; 4637 MB             ; 00:00:01                           ;
; Analysis & Synthesis ; 00:00:08     ; 1.0                     ; 4779 MB             ; 00:00:17                           ;
; Analysis & Synthesis ; 00:00:07     ; 1.0                     ; 4783 MB             ; 00:00:17                           ;
; Analysis & Synthesis ; 00:00:08     ; 1.0                     ; 4783 MB             ; 00:00:17                           ;
; Analysis & Synthesis ; 00:00:07     ; 1.0                     ; 4782 MB             ; 00:00:17                           ;
; Analysis & Synthesis ; 00:00:08     ; 1.0                     ; 4779 MB             ; 00:00:17                           ;
; Analysis & Synthesis ; 00:00:07     ; 1.0                     ; 4708 MB             ; 00:00:16                           ;
; Total                ; 00:00:59     ; --                      ; --                  ; 00:02:07                           ;
+----------------------+--------------+-------------------------+---------------------+------------------------------------+


+------------------------------------------------------------------------------------+
; Flow OS Summary                                                                    ;
+----------------------+------------------+------------+------------+----------------+
; Module Name          ; Machine Hostname ; OS Name    ; OS Version ; Processor type ;
+----------------------+------------------+------------+------------+----------------+
; Analysis & Synthesis ; Snail            ; Windows 10 ; 10.0       ; x86_64         ;
; Fitter               ; Snail            ; Windows 10 ; 10.0       ; x86_64         ;
; Assembler            ; Snail            ; Windows 10 ; 10.0       ; x86_64         ;
; Timing Analyzer      ; Snail            ; Windows 10 ; 10.0       ; x86_64         ;
; EDA Netlist Writer   ; Snail            ; Windows 10 ; 10.0       ; x86_64         ;
; Analysis & Synthesis ; Snail            ; Windows 10 ; 10.0       ; x86_64         ;
; Analysis & Synthesis ; Snail            ; Windows 10 ; 10.0       ; x86_64         ;
; Analysis & Synthesis ; Snail            ; Windows 10 ; 10.0       ; x86_64         ;
; Analysis & Synthesis ; Snail            ; Windows 10 ; 10.0       ; x86_64         ;
; Analysis & Synthesis ; Snail            ; Windows 10 ; 10.0       ; x86_64         ;
; Analysis & Synthesis ; Snail            ; Windows 10 ; 10.0       ; x86_64         ;
+----------------------+------------------+------------+------------+----------------+


------------
; Flow Log ;
------------
quartus_map --read_settings_files=on --write_settings_files=off io -c io
quartus_fit --read_settings_files=off --write_settings_files=off io -c io
quartus_asm --read_settings_files=off --write_settings_files=off io -c io
quartus_sta io -c io
quartus_eda --read_settings_files=off --write_settings_files=off io -c io
quartus_map --read_settings_files=on --write_settings_files=off io -c io
quartus_map --read_settings_files=on --write_settings_files=off io -c io
quartus_map --read_settings_files=on --write_settings_files=off io -c io
quartus_map --read_settings_files=on --write_settings_files=off io -c io
quartus_map --read_settings_files=on --write_settings_files=off io -c io
quartus_map --read_settings_files=on --write_settings_files=off io -c io



