Analysis & Synthesis report for calibration
Mon Aug 21 17:56:23 2023
Quartus Prime Version 18.1.0 Build 625 09/12/2018 SJ Standard Edition


---------------------
; Table of Contents ;
---------------------
  1. Legal Notice
  2. Analysis & Synthesis Summary
  3. Analysis & Synthesis Settings
  4. Parallel Compilation
  5. Analysis & Synthesis Source Files Read
  6. Analysis & Synthesis Resource Usage Summary
  7. Analysis & Synthesis Resource Utilization by Entity
  8. General Register Statistics
  9. Post-Synthesis Netlist Statistics for Top Partition
 10. Elapsed Time Per Partition
 11. Analysis & Synthesis Messages
 12. Analysis & Synthesis Suppressed Messages



----------------
; Legal Notice ;
----------------
Copyright (C) 2018  Intel Corporation. All rights reserved.
Your use of Intel Corporation's design tools, logic functions 
and other software and tools, and its AMPP partner logic 
functions, and any output files from any of the foregoing 
(including device programming or simulation files), and any 
associated documentation or information are expressly subject 
to the terms and conditions of the Intel Program License 
Subscription Agreement, the Intel Quartus Prime License Agreement,
the Intel FPGA IP License Agreement, or other applicable license
agreement, including, without limitation, that your use is for
the sole purpose of programming logic devices manufactured by
Intel and sold by Intel or its authorized distributors.  Please
refer to the applicable agreement for further details.



+--------------------------------------------------------------------------------------+
; Analysis & Synthesis Summary                                                         ;
+------------------------------------+-------------------------------------------------+
; Analysis & Synthesis Status        ; Successful - Mon Aug 21 17:56:23 2023           ;
; Quartus Prime Version              ; 18.1.0 Build 625 09/12/2018 SJ Standard Edition ;
; Revision Name                      ; calibration                                     ;
; Top-level Entity Name              ; cail_param_control                              ;
; Family                             ; Cyclone IV E                                    ;
; Total logic elements               ; 0                                               ;
;     Total combinational functions  ; 0                                               ;
;     Dedicated logic registers      ; 0                                               ;
; Total registers                    ; 0                                               ;
; Total pins                         ; 74                                              ;
; Total virtual pins                 ; 0                                               ;
; Total memory bits                  ; 0                                               ;
; Embedded Multiplier 9-bit elements ; 0                                               ;
; Total PLLs                         ; 0                                               ;
+------------------------------------+-------------------------------------------------+


+------------------------------------------------------------------------------------------------------------+
; Analysis & Synthesis Settings                                                                              ;
+------------------------------------------------------------------+--------------------+--------------------+
; Option                                                           ; Setting            ; Default Value      ;
+------------------------------------------------------------------+--------------------+--------------------+
; Device                                                           ; EP4CE10F17C8       ;                    ;
; Top-level entity name                                            ; cail_param_control ; calibration        ;
; Family name                                                      ; Cyclone IV E       ; Cyclone V          ;
; Use smart compilation                                            ; Off                ; Off                ;
; Enable parallel Assembler and Timing Analyzer during compilation ; On                 ; On                 ;
; Enable compact report table                                      ; Off                ; Off                ;
; Restructure Multiplexers                                         ; Auto               ; Auto               ;
; Create Debugging Nodes for IP Cores                              ; Off                ; Off                ;
; Preserve fewer node names                                        ; On                 ; On                 ;
; Intel FPGA IP Evaluation Mode                                    ; Enable             ; Enable             ;
; Verilog Version                                                  ; Verilog_2001       ; Verilog_2001       ;
; VHDL Version                                                     ; VHDL_1993          ; VHDL_1993          ;
; State Machine Processing                                         ; Auto               ; Auto               ;
; Safe State Machine                                               ; Off                ; Off                ;
; Extract Verilog State Machines                                   ; On                 ; On                 ;
; Extract VHDL State Machines                                      ; On                 ; On                 ;
; Ignore Verilog initial constructs                                ; Off                ; Off                ;
; Iteration limit for constant Verilog loops                       ; 5000               ; 5000               ;
; Iteration limit for non-constant Verilog loops                   ; 250                ; 250                ;
; Add Pass-Through Logic to Inferred RAMs                          ; On                 ; On                 ;
; Infer RAMs from Raw Logic                                        ; On                 ; On                 ;
; Parallel Synthesis                                               ; On                 ; On                 ;
; DSP Block Balancing                                              ; Auto               ; Auto               ;
; NOT Gate Push-Back                                               ; On                 ; On                 ;
; Power-Up Don't Care                                              ; On                 ; On                 ;
; Remove Redundant Logic Cells                                     ; Off                ; Off                ;
; Remove Duplicate Registers                                       ; On                 ; On                 ;
; Ignore CARRY Buffers                                             ; Off                ; Off                ;
; Ignore CASCADE Buffers                                           ; Off                ; Off                ;
; Ignore GLOBAL Buffers                                            ; Off                ; Off                ;
; Ignore ROW GLOBAL Buffers                                        ; Off                ; Off                ;
; Ignore LCELL Buffers                                             ; Off                ; Off                ;
; Ignore SOFT Buffers                                              ; On                 ; On                 ;
; Limit AHDL Integers to 32 Bits                                   ; Off                ; Off                ;
; Optimization Technique                                           ; Balanced           ; Balanced           ;
; Carry Chain Length                                               ; 70                 ; 70                 ;
; Auto Carry Chains                                                ; On                 ; On                 ;
; Auto Open-Drain Pins                                             ; On                 ; On                 ;
; Perform WYSIWYG Primitive Resynthesis                            ; Off                ; Off                ;
; Auto ROM Replacement                                             ; On                 ; On                 ;
; Auto RAM Replacement                                             ; On                 ; On                 ;
; Auto DSP Block Replacement                                       ; On                 ; On                 ;
; Auto Shift Register Replacement                                  ; Auto               ; Auto               ;
; Allow Shift Register Merging across Hierarchies                  ; Auto               ; Auto               ;
; Auto Clock Enable Replacement                                    ; On                 ; On                 ;
; Strict RAM Replacement                                           ; Off                ; Off                ;
; Allow Synchronous Control Signals                                ; On                 ; On                 ;
; Force Use of Synchronous Clear Signals                           ; Off                ; Off                ;
; Auto RAM Block Balancing                                         ; On                 ; On                 ;
; Auto RAM to Logic Cell Conversion                                ; Off                ; Off                ;
; Auto Resource Sharing                                            ; Off                ; Off                ;
; Allow Any RAM Size For Recognition                               ; Off                ; Off                ;
; Allow Any ROM Size For Recognition                               ; Off                ; Off                ;
; Allow Any Shift Register Size For Recognition                    ; Off                ; Off                ;
; Use LogicLock Constraints during Resource Balancing              ; On                 ; On                 ;
; Ignore translate_off and synthesis_off directives                ; Off                ; Off                ;
; Timing-Driven Synthesis                                          ; On                 ; On                 ;
; Report Parameter Settings                                        ; On                 ; On                 ;
; Report Source Assignments                                        ; On                 ; On                 ;
; Report Connectivity Checks                                       ; On                 ; On                 ;
; Ignore Maximum Fan-Out Assignments                               ; Off                ; Off                ;
; Synchronization Register Chain Length                            ; 2                  ; 2                  ;
; Power Optimization During Synthesis                              ; Normal compilation ; Normal compilation ;
; HDL message level                                                ; Level2             ; Level2             ;
; Suppress Register Optimization Related Messages                  ; Off                ; Off                ;
; Number of Removed Registers Reported in Synthesis Report         ; 5000               ; 5000               ;
; Number of Swept Nodes Reported in Synthesis Report               ; 5000               ; 5000               ;
; Number of Inverted Registers Reported in Synthesis Report        ; 100                ; 100                ;
; Clock MUX Protection                                             ; On                 ; On                 ;
; Auto Gated Clock Conversion                                      ; Off                ; Off                ;
; Block Design Naming                                              ; Auto               ; Auto               ;
; SDC constraint protection                                        ; Off                ; Off                ;
; Synthesis Effort                                                 ; Auto               ; Auto               ;
; Shift Register Replacement - Allow Asynchronous Clear Signal     ; On                 ; On                 ;
; Pre-Mapping Resynthesis Optimization                             ; Off                ; Off                ;
; Analysis & Synthesis Message Level                               ; Medium             ; Medium             ;
; Disable Register Merging Across Hierarchies                      ; Auto               ; Auto               ;
; Resource Aware Inference For Block RAM                           ; On                 ; On                 ;
+------------------------------------------------------------------+--------------------+--------------------+


+------------------------------------------+
; Parallel Compilation                     ;
+----------------------------+-------------+
; Processors                 ; Number      ;
+----------------------------+-------------+
; Number detected on machine ; 16          ;
; Maximum allowed            ; 16          ;
;                            ;             ;
; Average used               ; 1.00        ;
; Maximum used               ; 1           ;
;                            ;             ;
; Usage by Processor         ; % Time Used ;
;     Processor 1            ; 100.0%      ;
+----------------------------+-------------+


+-------------------------------------------------------------------------------------------------------------------------------------------------+
; Analysis & Synthesis Source Files Read                                                                                                          ;
+----------------------------------+-----------------+------------------------+---------------------------------------------------------+---------+
; File Name with User-Entered Path ; Used in Netlist ; File Type              ; File Name with Absolute Path                            ; Library ;
+----------------------------------+-----------------+------------------------+---------------------------------------------------------+---------+
; ../rtl/cail_param_control.v      ; yes             ; User Verilog HDL File  ; H:/FPGA/cyclone source/10_cail/rtl/cail_param_control.v ;         ;
+----------------------------------+-----------------+------------------------+---------------------------------------------------------+---------+


+-----------------------------------------------------+
; Analysis & Synthesis Resource Usage Summary         ;
+---------------------------------------------+-------+
; Resource                                    ; Usage ;
+---------------------------------------------+-------+
;                                             ;       ;
; Total combinational functions               ; 0     ;
; Logic element usage by number of LUT inputs ;       ;
;     -- 4 input functions                    ; 0     ;
;     -- 3 input functions                    ; 0     ;
;     -- <=2 input functions                  ; 0     ;
;                                             ;       ;
; Logic elements by mode                      ;       ;
;     -- normal mode                          ; 0     ;
;     -- arithmetic mode                      ; 0     ;
;                                             ;       ;
; Total registers                             ; 0     ;
;     -- Dedicated logic registers            ; 0     ;
;     -- I/O registers                        ; 0     ;
;                                             ;       ;
; I/O pins                                    ; 74    ;
;                                             ;       ;
; Embedded Multiplier 9-bit elements          ; 0     ;
;                                             ;       ;
; Maximum fan-out node                        ; clk   ;
; Maximum fan-out                             ; 1     ;
; Total fan-out                               ; 74    ;
; Average fan-out                             ; 0.50  ;
+---------------------------------------------+-------+


+-----------------------------------------------------------------------------------------------------------------------------------------------------------------------------------------------------------------+
; Analysis & Synthesis Resource Utilization by Entity                                                                                                                                                             ;
+----------------------------+---------------------+---------------------------+-------------+--------------+---------+-----------+------+--------------+---------------------+--------------------+--------------+
; Compilation Hierarchy Node ; Combinational ALUTs ; Dedicated Logic Registers ; Memory Bits ; DSP Elements ; DSP 9x9 ; DSP 18x18 ; Pins ; Virtual Pins ; Full Hierarchy Name ; Entity Name        ; Library Name ;
+----------------------------+---------------------+---------------------------+-------------+--------------+---------+-----------+------+--------------+---------------------+--------------------+--------------+
; |cail_param_control        ; 0 (0)               ; 0 (0)                     ; 0           ; 0            ; 0       ; 0         ; 74   ; 0            ; |cail_param_control ; cail_param_control ; work         ;
+----------------------------+---------------------+---------------------------+-------------+--------------+---------+-----------+------+--------------+---------------------+--------------------+--------------+
Note: For table entries with two numbers listed, the numbers in parentheses indicate the number of resources of the given type used by the specific entity alone. The numbers listed outside of parentheses indicate the total resources of the given type used by the specific entity and all of its sub-entities in the hierarchy.


+------------------------------------------------------+
; General Register Statistics                          ;
+----------------------------------------------+-------+
; Statistic                                    ; Value ;
+----------------------------------------------+-------+
; Total registers                              ; 0     ;
; Number of registers using Synchronous Clear  ; 0     ;
; Number of registers using Synchronous Load   ; 0     ;
; Number of registers using Asynchronous Clear ; 0     ;
; Number of registers using Asynchronous Load  ; 0     ;
; Number of registers using Clock Enable       ; 0     ;
; Number of registers using Preset             ; 0     ;
+----------------------------------------------+-------+


+-----------------------------------------------------+
; Post-Synthesis Netlist Statistics for Top Partition ;
+-----------------------+-----------------------------+
; Type                  ; Count                       ;
+-----------------------+-----------------------------+
; boundary_port         ; 74                          ;
; cycloneiii_lcell_comb ; 1                           ;
;     normal            ; 1                           ;
;         0 data inputs ; 1                           ;
;                       ;                             ;
; Max LUT depth         ; 0.00                        ;
; Average LUT depth     ; 0.00                        ;
+-----------------------+-----------------------------+


+-------------------------------+
; Elapsed Time Per Partition    ;
+----------------+--------------+
; Partition Name ; Elapsed Time ;
+----------------+--------------+
; Top            ; 00:00:00     ;
+----------------+--------------+


+-------------------------------+
; Analysis & Synthesis Messages ;
+-------------------------------+
Info: *******************************************************************
Info: Running Quartus Prime Analysis & Synthesis
    Info: Version 18.1.0 Build 625 09/12/2018 SJ Standard Edition
    Info: Processing started: Mon Aug 21 17:56:16 2023
Info: Command: quartus_map --read_settings_files=on --write_settings_files=off calibration -c calibration
Warning (18236): Number of processors has not been specified which may cause overloading on shared machines.  Set the global assignment NUM_PARALLEL_PROCESSORS in your QSF to an appropriate value for best performance.
Info (20030): Parallel compilation is enabled and will use 16 of the 16 processors detected
Info (12021): Found 1 design units, including 1 entities, in source file /fpga/cyclone source/10_cail/rtl/iic_bit_shift.v
    Info (12023): Found entity 1: iic_bit_shift File: H:/FPGA/cyclone source/10_cail/rtl/iic_bit_shift.v Line: 1
Info (12021): Found 1 design units, including 1 entities, in source file /fpga/cyclone source/10_cail/rtl/iic_ctrl.v
    Info (12023): Found entity 1: iic_ctrl File: H:/FPGA/cyclone source/10_cail/rtl/iic_ctrl.v Line: 1
Info (12021): Found 1 design units, including 1 entities, in source file /fpga/cyclone source/10_cail/testbench/iic_ctrl_tb.v
    Info (12023): Found entity 1: iic_ctrl_tb File: H:/FPGA/cyclone source/10_cail/testbench/iic_ctrl_tb.v Line: 24
Info (12021): Found 1 design units, including 1 entities, in source file /fpga/cyclone source/10_cail/testbench/m24lc04b.v
    Info (12023): Found entity 1: M24LC04B File: H:/FPGA/cyclone source/10_cail/testbench/M24LC04B.v Line: 85
Info (12021): Found 1 design units, including 1 entities, in source file ip/cail_param.v
    Info (12023): Found entity 1: cail_param File: H:/FPGA/cyclone source/10_cail/prj/ip/cail_param.v Line: 39
Info (12021): Found 1 design units, including 1 entities, in source file /fpga/cyclone source/10_cail/testbench/cail_param_tb.v
    Info (12023): Found entity 1: cail_param_tb File: H:/FPGA/cyclone source/10_cail/testbench/cail_param_tb.v Line: 4
Warning (10463): Verilog HDL Declaration warning at cail_param_control.v(28): "type" is SystemVerilog-2005 keyword File: H:/FPGA/cyclone source/10_cail/rtl/cail_param_control.v Line: 28
Info (12021): Found 1 design units, including 1 entities, in source file /fpga/cyclone source/10_cail/rtl/cail_param_control.v
    Info (12023): Found entity 1: cail_param_control File: H:/FPGA/cyclone source/10_cail/rtl/cail_param_control.v Line: 1
Warning (10463): Verilog HDL Declaration warning at cail_param_control_tb.v(10): "type" is SystemVerilog-2005 keyword File: H:/FPGA/cyclone source/10_cail/testbench/cail_param_control_tb.v Line: 10
Info (12021): Found 1 design units, including 1 entities, in source file /fpga/cyclone source/10_cail/testbench/cail_param_control_tb.v
    Info (12023): Found entity 1: cail_param_control_tb File: H:/FPGA/cyclone source/10_cail/testbench/cail_param_control_tb.v Line: 2
Info (12127): Elaborating entity "cail_param_control" for the top level hierarchy
Warning (10858): Verilog HDL warning at cail_param_control.v(34): object data used but never assigned File: H:/FPGA/cyclone source/10_cail/rtl/cail_param_control.v Line: 34
Warning (10027): Verilog HDL or VHDL warning at the cail_param_control.v(36): index expression is not wide enough to address all of the elements in the array File: H:/FPGA/cyclone source/10_cail/rtl/cail_param_control.v Line: 36
Warning (10030): Net "data[0..3]" at cail_param_control.v(34) has no driver or initial value, using a default initial value '0' File: H:/FPGA/cyclone source/10_cail/rtl/cail_param_control.v Line: 34
Warning (13024): Output pins are stuck at VCC or GND
    Warning (13410): Pin "result[0]" is stuck at GND File: H:/FPGA/cyclone source/10_cail/rtl/cail_param_control.v Line: 31
    Warning (13410): Pin "result[1]" is stuck at GND File: H:/FPGA/cyclone source/10_cail/rtl/cail_param_control.v Line: 31
    Warning (13410): Pin "result[2]" is stuck at GND File: H:/FPGA/cyclone source/10_cail/rtl/cail_param_control.v Line: 31
    Warning (13410): Pin "result[3]" is stuck at GND File: H:/FPGA/cyclone source/10_cail/rtl/cail_param_control.v Line: 31
    Warning (13410): Pin "result[4]" is stuck at GND File: H:/FPGA/cyclone source/10_cail/rtl/cail_param_control.v Line: 31
    Warning (13410): Pin "result[5]" is stuck at GND File: H:/FPGA/cyclone source/10_cail/rtl/cail_param_control.v Line: 31
    Warning (13410): Pin "result[6]" is stuck at GND File: H:/FPGA/cyclone source/10_cail/rtl/cail_param_control.v Line: 31
    Warning (13410): Pin "result[7]" is stuck at GND File: H:/FPGA/cyclone source/10_cail/rtl/cail_param_control.v Line: 31
    Warning (13410): Pin "result[8]" is stuck at GND File: H:/FPGA/cyclone source/10_cail/rtl/cail_param_control.v Line: 31
    Warning (13410): Pin "result[9]" is stuck at GND File: H:/FPGA/cyclone source/10_cail/rtl/cail_param_control.v Line: 31
    Warning (13410): Pin "result[10]" is stuck at GND File: H:/FPGA/cyclone source/10_cail/rtl/cail_param_control.v Line: 31
    Warning (13410): Pin "result[11]" is stuck at GND File: H:/FPGA/cyclone source/10_cail/rtl/cail_param_control.v Line: 31
    Warning (13410): Pin "result[12]" is stuck at GND File: H:/FPGA/cyclone source/10_cail/rtl/cail_param_control.v Line: 31
    Warning (13410): Pin "result[13]" is stuck at GND File: H:/FPGA/cyclone source/10_cail/rtl/cail_param_control.v Line: 31
    Warning (13410): Pin "result[14]" is stuck at GND File: H:/FPGA/cyclone source/10_cail/rtl/cail_param_control.v Line: 31
    Warning (13410): Pin "result[15]" is stuck at GND File: H:/FPGA/cyclone source/10_cail/rtl/cail_param_control.v Line: 31
    Warning (13410): Pin "result[16]" is stuck at GND File: H:/FPGA/cyclone source/10_cail/rtl/cail_param_control.v Line: 31
    Warning (13410): Pin "result[17]" is stuck at GND File: H:/FPGA/cyclone source/10_cail/rtl/cail_param_control.v Line: 31
    Warning (13410): Pin "result[18]" is stuck at GND File: H:/FPGA/cyclone source/10_cail/rtl/cail_param_control.v Line: 31
    Warning (13410): Pin "result[19]" is stuck at GND File: H:/FPGA/cyclone source/10_cail/rtl/cail_param_control.v Line: 31
    Warning (13410): Pin "result[20]" is stuck at GND File: H:/FPGA/cyclone source/10_cail/rtl/cail_param_control.v Line: 31
    Warning (13410): Pin "result[21]" is stuck at GND File: H:/FPGA/cyclone source/10_cail/rtl/cail_param_control.v Line: 31
    Warning (13410): Pin "result[22]" is stuck at GND File: H:/FPGA/cyclone source/10_cail/rtl/cail_param_control.v Line: 31
    Warning (13410): Pin "result[23]" is stuck at GND File: H:/FPGA/cyclone source/10_cail/rtl/cail_param_control.v Line: 31
    Warning (13410): Pin "result[24]" is stuck at GND File: H:/FPGA/cyclone source/10_cail/rtl/cail_param_control.v Line: 31
    Warning (13410): Pin "result[25]" is stuck at GND File: H:/FPGA/cyclone source/10_cail/rtl/cail_param_control.v Line: 31
    Warning (13410): Pin "result[26]" is stuck at GND File: H:/FPGA/cyclone source/10_cail/rtl/cail_param_control.v Line: 31
    Warning (13410): Pin "result[27]" is stuck at GND File: H:/FPGA/cyclone source/10_cail/rtl/cail_param_control.v Line: 31
    Warning (13410): Pin "result[28]" is stuck at GND File: H:/FPGA/cyclone source/10_cail/rtl/cail_param_control.v Line: 31
    Warning (13410): Pin "result[29]" is stuck at GND File: H:/FPGA/cyclone source/10_cail/rtl/cail_param_control.v Line: 31
    Warning (13410): Pin "result[30]" is stuck at GND File: H:/FPGA/cyclone source/10_cail/rtl/cail_param_control.v Line: 31
    Warning (13410): Pin "result[31]" is stuck at GND File: H:/FPGA/cyclone source/10_cail/rtl/cail_param_control.v Line: 31
Info (144001): Generated suppressed messages file H:/FPGA/cyclone source/10_cail/prj/output_files/calibration.map.smsg
Info (16010): Generating hard_block partition "hard_block:auto_generated_inst"
    Info (16011): Adding 0 node(s), including 0 DDIO, 0 PLL, 0 transceiver and 0 LCELL
Warning (21074): Design contains 42 input pin(s) that do not drive logic
    Warning (15610): No output dependent on input pin "clk" File: H:/FPGA/cyclone source/10_cail/rtl/cail_param_control.v Line: 18
    Warning (15610): No output dependent on input pin "rst_n" File: H:/FPGA/cyclone source/10_cail/rtl/cail_param_control.v Line: 19
    Warning (15610): No output dependent on input pin "wr_req" File: H:/FPGA/cyclone source/10_cail/rtl/cail_param_control.v Line: 21
    Warning (15610): No output dependent on input pin "rd_req" File: H:/FPGA/cyclone source/10_cail/rtl/cail_param_control.v Line: 22
    Warning (15610): No output dependent on input pin "ch[0]" File: H:/FPGA/cyclone source/10_cail/rtl/cail_param_control.v Line: 27
    Warning (15610): No output dependent on input pin "ch[1]" File: H:/FPGA/cyclone source/10_cail/rtl/cail_param_control.v Line: 27
    Warning (15610): No output dependent on input pin "ch[2]" File: H:/FPGA/cyclone source/10_cail/rtl/cail_param_control.v Line: 27
    Warning (15610): No output dependent on input pin "ch[3]" File: H:/FPGA/cyclone source/10_cail/rtl/cail_param_control.v Line: 27
    Warning (15610): No output dependent on input pin "type[0]" File: H:/FPGA/cyclone source/10_cail/rtl/cail_param_control.v Line: 28
    Warning (15610): No output dependent on input pin "type[1]" File: H:/FPGA/cyclone source/10_cail/rtl/cail_param_control.v Line: 28
    Warning (15610): No output dependent on input pin "in_data[0]" File: H:/FPGA/cyclone source/10_cail/rtl/cail_param_control.v Line: 30
    Warning (15610): No output dependent on input pin "in_data[1]" File: H:/FPGA/cyclone source/10_cail/rtl/cail_param_control.v Line: 30
    Warning (15610): No output dependent on input pin "in_data[2]" File: H:/FPGA/cyclone source/10_cail/rtl/cail_param_control.v Line: 30
    Warning (15610): No output dependent on input pin "in_data[3]" File: H:/FPGA/cyclone source/10_cail/rtl/cail_param_control.v Line: 30
    Warning (15610): No output dependent on input pin "in_data[4]" File: H:/FPGA/cyclone source/10_cail/rtl/cail_param_control.v Line: 30
    Warning (15610): No output dependent on input pin "in_data[5]" File: H:/FPGA/cyclone source/10_cail/rtl/cail_param_control.v Line: 30
    Warning (15610): No output dependent on input pin "in_data[6]" File: H:/FPGA/cyclone source/10_cail/rtl/cail_param_control.v Line: 30
    Warning (15610): No output dependent on input pin "in_data[7]" File: H:/FPGA/cyclone source/10_cail/rtl/cail_param_control.v Line: 30
    Warning (15610): No output dependent on input pin "in_data[8]" File: H:/FPGA/cyclone source/10_cail/rtl/cail_param_control.v Line: 30
    Warning (15610): No output dependent on input pin "in_data[9]" File: H:/FPGA/cyclone source/10_cail/rtl/cail_param_control.v Line: 30
    Warning (15610): No output dependent on input pin "in_data[10]" File: H:/FPGA/cyclone source/10_cail/rtl/cail_param_control.v Line: 30
    Warning (15610): No output dependent on input pin "in_data[11]" File: H:/FPGA/cyclone source/10_cail/rtl/cail_param_control.v Line: 30
    Warning (15610): No output dependent on input pin "in_data[12]" File: H:/FPGA/cyclone source/10_cail/rtl/cail_param_control.v Line: 30
    Warning (15610): No output dependent on input pin "in_data[13]" File: H:/FPGA/cyclone source/10_cail/rtl/cail_param_control.v Line: 30
    Warning (15610): No output dependent on input pin "in_data[14]" File: H:/FPGA/cyclone source/10_cail/rtl/cail_param_control.v Line: 30
    Warning (15610): No output dependent on input pin "in_data[15]" File: H:/FPGA/cyclone source/10_cail/rtl/cail_param_control.v Line: 30
    Warning (15610): No output dependent on input pin "in_data[16]" File: H:/FPGA/cyclone source/10_cail/rtl/cail_param_control.v Line: 30
    Warning (15610): No output dependent on input pin "in_data[17]" File: H:/FPGA/cyclone source/10_cail/rtl/cail_param_control.v Line: 30
    Warning (15610): No output dependent on input pin "in_data[18]" File: H:/FPGA/cyclone source/10_cail/rtl/cail_param_control.v Line: 30
    Warning (15610): No output dependent on input pin "in_data[19]" File: H:/FPGA/cyclone source/10_cail/rtl/cail_param_control.v Line: 30
    Warning (15610): No output dependent on input pin "in_data[20]" File: H:/FPGA/cyclone source/10_cail/rtl/cail_param_control.v Line: 30
    Warning (15610): No output dependent on input pin "in_data[21]" File: H:/FPGA/cyclone source/10_cail/rtl/cail_param_control.v Line: 30
    Warning (15610): No output dependent on input pin "in_data[22]" File: H:/FPGA/cyclone source/10_cail/rtl/cail_param_control.v Line: 30
    Warning (15610): No output dependent on input pin "in_data[23]" File: H:/FPGA/cyclone source/10_cail/rtl/cail_param_control.v Line: 30
    Warning (15610): No output dependent on input pin "in_data[24]" File: H:/FPGA/cyclone source/10_cail/rtl/cail_param_control.v Line: 30
    Warning (15610): No output dependent on input pin "in_data[25]" File: H:/FPGA/cyclone source/10_cail/rtl/cail_param_control.v Line: 30
    Warning (15610): No output dependent on input pin "in_data[26]" File: H:/FPGA/cyclone source/10_cail/rtl/cail_param_control.v Line: 30
    Warning (15610): No output dependent on input pin "in_data[27]" File: H:/FPGA/cyclone source/10_cail/rtl/cail_param_control.v Line: 30
    Warning (15610): No output dependent on input pin "in_data[28]" File: H:/FPGA/cyclone source/10_cail/rtl/cail_param_control.v Line: 30
    Warning (15610): No output dependent on input pin "in_data[29]" File: H:/FPGA/cyclone source/10_cail/rtl/cail_param_control.v Line: 30
    Warning (15610): No output dependent on input pin "in_data[30]" File: H:/FPGA/cyclone source/10_cail/rtl/cail_param_control.v Line: 30
    Warning (15610): No output dependent on input pin "in_data[31]" File: H:/FPGA/cyclone source/10_cail/rtl/cail_param_control.v Line: 30
Info (21057): Implemented 74 device resources after synthesis - the final resource count might be different
    Info (21058): Implemented 42 input pins
    Info (21059): Implemented 32 output pins
Info: Quartus Prime Analysis & Synthesis was successful. 0 errors, 82 warnings
    Info: Peak virtual memory: 4735 megabytes
    Info: Processing ended: Mon Aug 21 17:56:23 2023
    Info: Elapsed time: 00:00:07
    Info: Total CPU time (on all processors): 00:00:17


+------------------------------------------+
; Analysis & Synthesis Suppressed Messages ;
+------------------------------------------+
The suppressed messages can be found in H:/FPGA/cyclone source/10_cail/prj/output_files/calibration.map.smsg.


