Analysis & Synthesis report for mb_rtu
Mon Aug 28 18:16:56 2023
Quartus Prime Version 18.1.0 Build 625 09/12/2018 SJ Standard Edition


---------------------
; Table of Contents ;
---------------------
  1. Legal Notice
  2. Analysis & Synthesis Summary
  3. Analysis & Synthesis Settings
  4. Parallel Compilation
  5. Analysis & Synthesis Source Files Read
  6. Analysis & Synthesis Resource Usage Summary
  7. Analysis & Synthesis Resource Utilization by Entity
  8. Analysis & Synthesis IP Cores Summary
  9. Registers Removed During Synthesis
 10. Removed Registers Triggering Further Register Optimizations
 11. General Register Statistics
 12. Source assignments for ex_data:ex_data|scfifo:scfifo_component|scfifo_2331:auto_generated|a_dpfifo_9931:dpfifo|altsyncram_pvb1:FIFOram
 13. Parameter Settings for User Entity Instance: Top-level Entity: |mb_rtu
 14. Parameter Settings for User Entity Instance: ex_data:ex_data|scfifo:scfifo_component
 15. scfifo Parameter Settings by Entity Instance
 16. Port Connectivity Checks: "ex_data:ex_data"
 17. Port Connectivity Checks: "uart_rx:uart_rx"
 18. Port Connectivity Checks: "crc16_d8:crc16_d8"
 19. Post-Synthesis Netlist Statistics for Top Partition
 20. Elapsed Time Per Partition
 21. Analysis & Synthesis Messages
 22. Analysis & Synthesis Suppressed Messages



----------------
; Legal Notice ;
----------------
Copyright (C) 2018  Intel Corporation. All rights reserved.
Your use of Intel Corporation's design tools, logic functions 
and other software and tools, and its AMPP partner logic 
functions, and any output files from any of the foregoing 
(including device programming or simulation files), and any 
associated documentation or information are expressly subject 
to the terms and conditions of the Intel Program License 
Subscription Agreement, the Intel Quartus Prime License Agreement,
the Intel FPGA IP License Agreement, or other applicable license
agreement, including, without limitation, that your use is for
the sole purpose of programming logic devices manufactured by
Intel and sold by Intel or its authorized distributors.  Please
refer to the applicable agreement for further details.



+--------------------------------------------------------------------------------------+
; Analysis & Synthesis Summary                                                         ;
+------------------------------------+-------------------------------------------------+
; Analysis & Synthesis Status        ; Successful - Mon Aug 28 18:16:56 2023           ;
; Quartus Prime Version              ; 18.1.0 Build 625 09/12/2018 SJ Standard Edition ;
; Revision Name                      ; mb_rtu                                          ;
; Top-level Entity Name              ; mb_rtu                                          ;
; Family                             ; Cyclone IV E                                    ;
; Total logic elements               ; 0                                               ;
;     Total combinational functions  ; 0                                               ;
;     Dedicated logic registers      ; 0                                               ;
; Total registers                    ; 0                                               ;
; Total pins                         ; 3                                               ;
; Total virtual pins                 ; 0                                               ;
; Total memory bits                  ; 0                                               ;
; Embedded Multiplier 9-bit elements ; 0                                               ;
; Total PLLs                         ; 0                                               ;
+------------------------------------+-------------------------------------------------+


+------------------------------------------------------------------------------------------------------------+
; Analysis & Synthesis Settings                                                                              ;
+------------------------------------------------------------------+--------------------+--------------------+
; Option                                                           ; Setting            ; Default Value      ;
+------------------------------------------------------------------+--------------------+--------------------+
; Device                                                           ; EP4CE10F17C8       ;                    ;
; Top-level entity name                                            ; mb_rtu             ; mb_rtu             ;
; Family name                                                      ; Cyclone IV E       ; Cyclone V          ;
; Use smart compilation                                            ; Off                ; Off                ;
; Enable parallel Assembler and Timing Analyzer during compilation ; On                 ; On                 ;
; Enable compact report table                                      ; Off                ; Off                ;
; Restructure Multiplexers                                         ; Auto               ; Auto               ;
; Create Debugging Nodes for IP Cores                              ; Off                ; Off                ;
; Preserve fewer node names                                        ; On                 ; On                 ;
; Intel FPGA IP Evaluation Mode                                    ; Enable             ; Enable             ;
; Verilog Version                                                  ; Verilog_2001       ; Verilog_2001       ;
; VHDL Version                                                     ; VHDL_1993          ; VHDL_1993          ;
; State Machine Processing                                         ; Auto               ; Auto               ;
; Safe State Machine                                               ; Off                ; Off                ;
; Extract Verilog State Machines                                   ; On                 ; On                 ;
; Extract VHDL State Machines                                      ; On                 ; On                 ;
; Ignore Verilog initial constructs                                ; Off                ; Off                ;
; Iteration limit for constant Verilog loops                       ; 5000               ; 5000               ;
; Iteration limit for non-constant Verilog loops                   ; 250                ; 250                ;
; Add Pass-Through Logic to Inferred RAMs                          ; On                 ; On                 ;
; Infer RAMs from Raw Logic                                        ; On                 ; On                 ;
; Parallel Synthesis                                               ; On                 ; On                 ;
; DSP Block Balancing                                              ; Auto               ; Auto               ;
; NOT Gate Push-Back                                               ; On                 ; On                 ;
; Power-Up Don't Care                                              ; On                 ; On                 ;
; Remove Redundant Logic Cells                                     ; Off                ; Off                ;
; Remove Duplicate Registers                                       ; On                 ; On                 ;
; Ignore CARRY Buffers                                             ; Off                ; Off                ;
; Ignore CASCADE Buffers                                           ; Off                ; Off                ;
; Ignore GLOBAL Buffers                                            ; Off                ; Off                ;
; Ignore ROW GLOBAL Buffers                                        ; Off                ; Off                ;
; Ignore LCELL Buffers                                             ; Off                ; Off                ;
; Ignore SOFT Buffers                                              ; On                 ; On                 ;
; Limit AHDL Integers to 32 Bits                                   ; Off                ; Off                ;
; Optimization Technique                                           ; Balanced           ; Balanced           ;
; Carry Chain Length                                               ; 70                 ; 70                 ;
; Auto Carry Chains                                                ; On                 ; On                 ;
; Auto Open-Drain Pins                                             ; On                 ; On                 ;
; Perform WYSIWYG Primitive Resynthesis                            ; Off                ; Off                ;
; Auto ROM Replacement                                             ; On                 ; On                 ;
; Auto RAM Replacement                                             ; On                 ; On                 ;
; Auto DSP Block Replacement                                       ; On                 ; On                 ;
; Auto Shift Register Replacement                                  ; Auto               ; Auto               ;
; Allow Shift Register Merging across Hierarchies                  ; Auto               ; Auto               ;
; Auto Clock Enable Replacement                                    ; On                 ; On                 ;
; Strict RAM Replacement                                           ; Off                ; Off                ;
; Allow Synchronous Control Signals                                ; On                 ; On                 ;
; Force Use of Synchronous Clear Signals                           ; Off                ; Off                ;
; Auto RAM Block Balancing                                         ; On                 ; On                 ;
; Auto RAM to Logic Cell Conversion                                ; Off                ; Off                ;
; Auto Resource Sharing                                            ; Off                ; Off                ;
; Allow Any RAM Size For Recognition                               ; Off                ; Off                ;
; Allow Any ROM Size For Recognition                               ; Off                ; Off                ;
; Allow Any Shift Register Size For Recognition                    ; Off                ; Off                ;
; Use LogicLock Constraints during Resource Balancing              ; On                 ; On                 ;
; Ignore translate_off and synthesis_off directives                ; Off                ; Off                ;
; Timing-Driven Synthesis                                          ; On                 ; On                 ;
; Report Parameter Settings                                        ; On                 ; On                 ;
; Report Source Assignments                                        ; On                 ; On                 ;
; Report Connectivity Checks                                       ; On                 ; On                 ;
; Ignore Maximum Fan-Out Assignments                               ; Off                ; Off                ;
; Synchronization Register Chain Length                            ; 2                  ; 2                  ;
; Power Optimization During Synthesis                              ; Normal compilation ; Normal compilation ;
; HDL message level                                                ; Level2             ; Level2             ;
; Suppress Register Optimization Related Messages                  ; Off                ; Off                ;
; Number of Removed Registers Reported in Synthesis Report         ; 5000               ; 5000               ;
; Number of Swept Nodes Reported in Synthesis Report               ; 5000               ; 5000               ;
; Number of Inverted Registers Reported in Synthesis Report        ; 100                ; 100                ;
; Clock MUX Protection                                             ; On                 ; On                 ;
; Auto Gated Clock Conversion                                      ; Off                ; Off                ;
; Block Design Naming                                              ; Auto               ; Auto               ;
; SDC constraint protection                                        ; Off                ; Off                ;
; Synthesis Effort                                                 ; Auto               ; Auto               ;
; Shift Register Replacement - Allow Asynchronous Clear Signal     ; On                 ; On                 ;
; Pre-Mapping Resynthesis Optimization                             ; Off                ; Off                ;
; Analysis & Synthesis Message Level                               ; Medium             ; Medium             ;
; Disable Register Merging Across Hierarchies                      ; Auto               ; Auto               ;
; Resource Aware Inference For Block RAM                           ; On                 ; On                 ;
+------------------------------------------------------------------+--------------------+--------------------+


+------------------------------------------+
; Parallel Compilation                     ;
+----------------------------+-------------+
; Processors                 ; Number      ;
+----------------------------+-------------+
; Number detected on machine ; 16          ;
; Maximum allowed            ; 16          ;
;                            ;             ;
; Average used               ; 1.00        ;
; Maximum used               ; 1           ;
;                            ;             ;
; Usage by Processor         ; % Time Used ;
;     Processor 1            ; 100.0%      ;
+----------------------------+-------------+


+----------------------------------------------------------------------------------------------------------------------------------------------------------------+
; Analysis & Synthesis Source Files Read                                                                                                                         ;
+----------------------------------+-----------------+------------------------------+------------------------------------------------------------------+---------+
; File Name with User-Entered Path ; Used in Netlist ; File Type                    ; File Name with Absolute Path                                     ; Library ;
+----------------------------------+-----------------+------------------------------+------------------------------------------------------------------+---------+
; ../rtl/crc16_d8.v                ; yes             ; User Verilog HDL File        ; H:/FPGA/cyclone source/11_modbus_rtu/rtl/crc16_d8.v              ;         ;
; ../rtl/mb_rtu.v                  ; yes             ; User Verilog HDL File        ; H:/FPGA/cyclone source/11_modbus_rtu/rtl/mb_rtu.v                ;         ;
; ../rtl/uart_rx.v                 ; yes             ; User Verilog HDL File        ; H:/FPGA/cyclone source/11_modbus_rtu/rtl/uart_rx.v               ;         ;
; ip/ex_data.v                     ; yes             ; User Wizard-Generated File   ; H:/FPGA/cyclone source/11_modbus_rtu/prj/ip/ex_data.v            ;         ;
; scfifo.tdf                       ; yes             ; Megafunction                 ; h:/intelfpga/18.1/quartus/libraries/megafunctions/scfifo.tdf     ;         ;
; a_regfifo.inc                    ; yes             ; Megafunction                 ; h:/intelfpga/18.1/quartus/libraries/megafunctions/a_regfifo.inc  ;         ;
; a_dpfifo.inc                     ; yes             ; Megafunction                 ; h:/intelfpga/18.1/quartus/libraries/megafunctions/a_dpfifo.inc   ;         ;
; a_i2fifo.inc                     ; yes             ; Megafunction                 ; h:/intelfpga/18.1/quartus/libraries/megafunctions/a_i2fifo.inc   ;         ;
; a_fffifo.inc                     ; yes             ; Megafunction                 ; h:/intelfpga/18.1/quartus/libraries/megafunctions/a_fffifo.inc   ;         ;
; a_f2fifo.inc                     ; yes             ; Megafunction                 ; h:/intelfpga/18.1/quartus/libraries/megafunctions/a_f2fifo.inc   ;         ;
; aglobal181.inc                   ; yes             ; Megafunction                 ; h:/intelfpga/18.1/quartus/libraries/megafunctions/aglobal181.inc ;         ;
; db/scfifo_2331.tdf               ; yes             ; Auto-Generated Megafunction  ; H:/FPGA/cyclone source/11_modbus_rtu/prj/db/scfifo_2331.tdf      ;         ;
; db/a_dpfifo_9931.tdf             ; yes             ; Auto-Generated Megafunction  ; H:/FPGA/cyclone source/11_modbus_rtu/prj/db/a_dpfifo_9931.tdf    ;         ;
; db/altsyncram_pvb1.tdf           ; yes             ; Auto-Generated Megafunction  ; H:/FPGA/cyclone source/11_modbus_rtu/prj/db/altsyncram_pvb1.tdf  ;         ;
; db/cmpr_ut8.tdf                  ; yes             ; Auto-Generated Megafunction  ; H:/FPGA/cyclone source/11_modbus_rtu/prj/db/cmpr_ut8.tdf         ;         ;
; db/cntr_4ob.tdf                  ; yes             ; Auto-Generated Megafunction  ; H:/FPGA/cyclone source/11_modbus_rtu/prj/db/cntr_4ob.tdf         ;         ;
; db/cntr_op7.tdf                  ; yes             ; Auto-Generated Megafunction  ; H:/FPGA/cyclone source/11_modbus_rtu/prj/db/cntr_op7.tdf         ;         ;
; db/cntr_cpb.tdf                  ; yes             ; Auto-Generated Megafunction  ; H:/FPGA/cyclone source/11_modbus_rtu/prj/db/cntr_cpb.tdf         ;         ;
+----------------------------------+-----------------+------------------------------+------------------------------------------------------------------+---------+


+-----------------------------------------------------+
; Analysis & Synthesis Resource Usage Summary         ;
+---------------------------------------------+-------+
; Resource                                    ; Usage ;
+---------------------------------------------+-------+
;                                             ;       ;
; Total combinational functions               ; 0     ;
; Logic element usage by number of LUT inputs ;       ;
;     -- 4 input functions                    ; 0     ;
;     -- 3 input functions                    ; 0     ;
;     -- <=2 input functions                  ; 0     ;
;                                             ;       ;
; Logic elements by mode                      ;       ;
;     -- normal mode                          ; 0     ;
;     -- arithmetic mode                      ; 0     ;
;                                             ;       ;
; Total registers                             ; 0     ;
;     -- Dedicated logic registers            ; 0     ;
;     -- I/O registers                        ; 0     ;
;                                             ;       ;
; I/O pins                                    ; 3     ;
;                                             ;       ;
; Embedded Multiplier 9-bit elements          ; 0     ;
;                                             ;       ;
; Maximum fan-out node                        ; clk   ;
; Maximum fan-out                             ; 1     ;
; Total fan-out                               ; 3     ;
; Average fan-out                             ; 0.50  ;
+---------------------------------------------+-------+


+----------------------------------------------------------------------------------------------------------------------------------------------------------------------------------------------------------+
; Analysis & Synthesis Resource Utilization by Entity                                                                                                                                                      ;
+----------------------------+---------------------+---------------------------+-------------+--------------+---------+-----------+------+--------------+---------------------+-------------+--------------+
; Compilation Hierarchy Node ; Combinational ALUTs ; Dedicated Logic Registers ; Memory Bits ; DSP Elements ; DSP 9x9 ; DSP 18x18 ; Pins ; Virtual Pins ; Full Hierarchy Name ; Entity Name ; Library Name ;
+----------------------------+---------------------+---------------------------+-------------+--------------+---------+-----------+------+--------------+---------------------+-------------+--------------+
; |mb_rtu                    ; 0 (0)               ; 0 (0)                     ; 0           ; 0            ; 0       ; 0         ; 3    ; 0            ; |mb_rtu             ; mb_rtu      ; work         ;
+----------------------------+---------------------+---------------------------+-------------+--------------+---------+-----------+------+--------------+---------------------+-------------+--------------+
Note: For table entries with two numbers listed, the numbers in parentheses indicate the number of resources of the given type used by the specific entity alone. The numbers listed outside of parentheses indicate the total resources of the given type used by the specific entity and all of its sub-entities in the hierarchy.


+-----------------------------------------------------------------------------------------------------------+
; Analysis & Synthesis IP Cores Summary                                                                     ;
+--------+--------------+---------+--------------+--------------+-------------------------+-----------------+
; Vendor ; IP Core Name ; Version ; Release Date ; License Type ; Entity Instance         ; IP Include File ;
+--------+--------------+---------+--------------+--------------+-------------------------+-----------------+
; Altera ; FIFO         ; 18.1    ; N/A          ; N/A          ; |mb_rtu|ex_data:ex_data ; ip/ex_data.v    ;
+--------+--------------+---------+--------------+--------------+-------------------------+-----------------+


+------------------------------------------------------------------------------------------------------------------------------------------------------------------------------------+
; Registers Removed During Synthesis                                                                                                                                                 ;
+--------------------------------------------------------------------------------------------------------------------------------------+---------------------------------------------+
; Register name                                                                                                                        ; Reason for Removal                          ;
+--------------------------------------------------------------------------------------------------------------------------------------+---------------------------------------------+
; ex_data:ex_data|scfifo:scfifo_component|scfifo_2331:auto_generated|a_dpfifo_9931:dpfifo|empty_dff                                    ; Lost fanout                                 ;
; ex_data:ex_data|scfifo:scfifo_component|scfifo_2331:auto_generated|a_dpfifo_9931:dpfifo|rd_ptr_lsb                                   ; Stuck at GND due to stuck port clock_enable ;
; uart_rx:uart_rx|data_byte[0..7]                                                                                                      ; Lost fanout                                 ;
; uart_rx:uart_rx|bps_dr[0,5,7,9..15]                                                                                                  ; Stuck at GND due to stuck port data_in      ;
; ex_data:ex_data|scfifo:scfifo_component|scfifo_2331:auto_generated|a_dpfifo_9931:dpfifo|cntr_4ob:rd_ptr_msb|counter_reg_bit[0..8]    ; Stuck at GND due to stuck port clock_enable ;
; div_cnt[1..31]                                                                                                                       ; Lost fanout                                 ;
; fifo_clr                                                                                                                             ; Lost fanout                                 ;
; div_cnt[0]                                                                                                                           ; Lost fanout                                 ;
; rx_uart_done                                                                                                                         ; Lost fanout                                 ;
; ex_data:ex_data|scfifo:scfifo_component|scfifo_2331:auto_generated|a_dpfifo_9931:dpfifo|full_dff                                     ; Lost fanout                                 ;
; ex_data:ex_data|scfifo:scfifo_component|scfifo_2331:auto_generated|a_dpfifo_9931:dpfifo|low_addressa[0..9]                           ; Lost fanout                                 ;
; ex_data:ex_data|scfifo:scfifo_component|scfifo_2331:auto_generated|a_dpfifo_9931:dpfifo|usedw_is_0_dff                               ; Lost fanout                                 ;
; ex_data:ex_data|scfifo:scfifo_component|scfifo_2331:auto_generated|a_dpfifo_9931:dpfifo|usedw_is_1_dff                               ; Lost fanout                                 ;
; ex_data:ex_data|scfifo:scfifo_component|scfifo_2331:auto_generated|a_dpfifo_9931:dpfifo|usedw_is_2_dff                               ; Lost fanout                                 ;
; ex_data:ex_data|scfifo:scfifo_component|scfifo_2331:auto_generated|a_dpfifo_9931:dpfifo|cntr_cpb:wr_ptr|counter_reg_bit[0..9]        ; Lost fanout                                 ;
; ex_data:ex_data|scfifo:scfifo_component|scfifo_2331:auto_generated|a_dpfifo_9931:dpfifo|cntr_op7:usedw_counter|counter_reg_bit[0..9] ; Lost fanout                                 ;
; uart_rx:uart_rx|uart_rx_sync1                                                                                                        ; Lost fanout                                 ;
; uart_rx:uart_rx|uart_rx_sync2                                                                                                        ; Lost fanout                                 ;
; uart_rx:uart_rx|bps_dr[1..4,6,8]                                                                                                     ; Lost fanout                                 ;
; uart_rx:uart_rx|uart_state                                                                                                           ; Lost fanout                                 ;
; uart_rx:uart_rx|div_cnt[0..15]                                                                                                       ; Lost fanout                                 ;
; uart_rx:uart_rx|bps_clk                                                                                                              ; Lost fanout                                 ;
; uart_rx:uart_rx|clk_cnt[0..7]                                                                                                        ; Lost fanout                                 ;
; uart_rx:uart_rx|START_BIT[0..2]                                                                                                      ; Lost fanout                                 ;
; uart_rx:uart_rx|data_byte_pre[7][2]                                                                                                  ; Lost fanout                                 ;
; uart_rx:uart_rx|data_byte_pre[7][1]                                                                                                  ; Lost fanout                                 ;
; uart_rx:uart_rx|data_byte_pre[7][0]                                                                                                  ; Lost fanout                                 ;
; uart_rx:uart_rx|data_byte_pre[6][2]                                                                                                  ; Lost fanout                                 ;
; uart_rx:uart_rx|data_byte_pre[6][1]                                                                                                  ; Lost fanout                                 ;
; uart_rx:uart_rx|data_byte_pre[6][0]                                                                                                  ; Lost fanout                                 ;
; uart_rx:uart_rx|data_byte_pre[5][2]                                                                                                  ; Lost fanout                                 ;
; uart_rx:uart_rx|data_byte_pre[5][1]                                                                                                  ; Lost fanout                                 ;
; uart_rx:uart_rx|data_byte_pre[5][0]                                                                                                  ; Lost fanout                                 ;
; uart_rx:uart_rx|data_byte_pre[4][2]                                                                                                  ; Lost fanout                                 ;
; uart_rx:uart_rx|data_byte_pre[4][1]                                                                                                  ; Lost fanout                                 ;
; uart_rx:uart_rx|data_byte_pre[4][0]                                                                                                  ; Lost fanout                                 ;
; uart_rx:uart_rx|data_byte_pre[3][2]                                                                                                  ; Lost fanout                                 ;
; uart_rx:uart_rx|data_byte_pre[3][1]                                                                                                  ; Lost fanout                                 ;
; uart_rx:uart_rx|data_byte_pre[3][0]                                                                                                  ; Lost fanout                                 ;
; uart_rx:uart_rx|data_byte_pre[2][2]                                                                                                  ; Lost fanout                                 ;
; uart_rx:uart_rx|data_byte_pre[2][1]                                                                                                  ; Lost fanout                                 ;
; uart_rx:uart_rx|data_byte_pre[2][0]                                                                                                  ; Lost fanout                                 ;
; uart_rx:uart_rx|data_byte_pre[1][2]                                                                                                  ; Lost fanout                                 ;
; uart_rx:uart_rx|data_byte_pre[1][1]                                                                                                  ; Lost fanout                                 ;
; uart_rx:uart_rx|data_byte_pre[1][0]                                                                                                  ; Lost fanout                                 ;
; uart_rx:uart_rx|data_byte_pre[0][2]                                                                                                  ; Lost fanout                                 ;
; uart_rx:uart_rx|data_byte_pre[0][1]                                                                                                  ; Lost fanout                                 ;
; uart_rx:uart_rx|data_byte_pre[0][0]                                                                                                  ; Lost fanout                                 ;
; uart_rx:uart_rx|STOP_BIT[0..2]                                                                                                       ; Lost fanout                                 ;
; uart_rx:uart_rx|rx_done                                                                                                              ; Lost fanout                                 ;
; Total Number of Removed Registers = 162                                                                                              ;                                             ;
+--------------------------------------------------------------------------------------------------------------------------------------+---------------------------------------------+


+-----------------------------------------------------------------------------------------------------------------------------------------------------------------------------------------------------------------------------------------------------------------------+
; Removed Registers Triggering Further Register Optimizations                                                                                                                                                                                                           ;
+----------------------------------------------------------------------------------------------------+--------------------------------+---------------------------------------------------------------------------------------------------------------------------------+
; Register name                                                                                      ; Reason for Removal             ; Registers Removed due to This Register                                                                                          ;
+----------------------------------------------------------------------------------------------------+--------------------------------+---------------------------------------------------------------------------------------------------------------------------------+
; ex_data:ex_data|scfifo:scfifo_component|scfifo_2331:auto_generated|a_dpfifo_9931:dpfifo|rd_ptr_lsb ; Stuck at GND                   ; uart_rx:uart_rx|data_byte[0], uart_rx:uart_rx|data_byte[1],                                                                     ;
;                                                                                                    ; due to stuck port clock_enable ; uart_rx:uart_rx|data_byte[2], uart_rx:uart_rx|data_byte[3],                                                                     ;
;                                                                                                    ;                                ; uart_rx:uart_rx|data_byte[4], uart_rx:uart_rx|data_byte[5],                                                                     ;
;                                                                                                    ;                                ; uart_rx:uart_rx|data_byte[6], uart_rx:uart_rx|data_byte[7],                                                                     ;
;                                                                                                    ;                                ; ex_data:ex_data|scfifo:scfifo_component|scfifo_2331:auto_generated|a_dpfifo_9931:dpfifo|cntr_4ob:rd_ptr_msb|counter_reg_bit[8], ;
;                                                                                                    ;                                ; ex_data:ex_data|scfifo:scfifo_component|scfifo_2331:auto_generated|a_dpfifo_9931:dpfifo|cntr_4ob:rd_ptr_msb|counter_reg_bit[7], ;
;                                                                                                    ;                                ; ex_data:ex_data|scfifo:scfifo_component|scfifo_2331:auto_generated|a_dpfifo_9931:dpfifo|cntr_4ob:rd_ptr_msb|counter_reg_bit[6], ;
;                                                                                                    ;                                ; ex_data:ex_data|scfifo:scfifo_component|scfifo_2331:auto_generated|a_dpfifo_9931:dpfifo|cntr_4ob:rd_ptr_msb|counter_reg_bit[5], ;
;                                                                                                    ;                                ; ex_data:ex_data|scfifo:scfifo_component|scfifo_2331:auto_generated|a_dpfifo_9931:dpfifo|cntr_4ob:rd_ptr_msb|counter_reg_bit[4], ;
;                                                                                                    ;                                ; ex_data:ex_data|scfifo:scfifo_component|scfifo_2331:auto_generated|a_dpfifo_9931:dpfifo|cntr_4ob:rd_ptr_msb|counter_reg_bit[3], ;
;                                                                                                    ;                                ; ex_data:ex_data|scfifo:scfifo_component|scfifo_2331:auto_generated|a_dpfifo_9931:dpfifo|cntr_4ob:rd_ptr_msb|counter_reg_bit[2], ;
;                                                                                                    ;                                ; ex_data:ex_data|scfifo:scfifo_component|scfifo_2331:auto_generated|a_dpfifo_9931:dpfifo|cntr_4ob:rd_ptr_msb|counter_reg_bit[1], ;
;                                                                                                    ;                                ; ex_data:ex_data|scfifo:scfifo_component|scfifo_2331:auto_generated|a_dpfifo_9931:dpfifo|cntr_4ob:rd_ptr_msb|counter_reg_bit[0], ;
;                                                                                                    ;                                ; ex_data:ex_data|scfifo:scfifo_component|scfifo_2331:auto_generated|a_dpfifo_9931:dpfifo|cntr_cpb:wr_ptr|counter_reg_bit[0],     ;
;                                                                                                    ;                                ; uart_rx:uart_rx|clk_cnt[7], uart_rx:uart_rx|clk_cnt[6], uart_rx:uart_rx|clk_cnt[5],                                             ;
;                                                                                                    ;                                ; uart_rx:uart_rx|clk_cnt[4], uart_rx:uart_rx|clk_cnt[3], uart_rx:uart_rx|clk_cnt[2],                                             ;
;                                                                                                    ;                                ; uart_rx:uart_rx|clk_cnt[1], uart_rx:uart_rx|clk_cnt[0],                                                                         ;
;                                                                                                    ;                                ; uart_rx:uart_rx|data_byte_pre[7][2], uart_rx:uart_rx|data_byte_pre[6][2],                                                       ;
;                                                                                                    ;                                ; uart_rx:uart_rx|data_byte_pre[5][2], uart_rx:uart_rx|data_byte_pre[4][2],                                                       ;
;                                                                                                    ;                                ; uart_rx:uart_rx|data_byte_pre[3][2], uart_rx:uart_rx|data_byte_pre[2][2],                                                       ;
;                                                                                                    ;                                ; uart_rx:uart_rx|data_byte_pre[1][2], uart_rx:uart_rx|data_byte_pre[0][2]                                                        ;
; ex_data:ex_data|scfifo:scfifo_component|scfifo_2331:auto_generated|a_dpfifo_9931:dpfifo|empty_dff  ; Lost Fanouts                   ; fifo_clr, rx_uart_done,                                                                                                         ;
;                                                                                                    ;                                ; ex_data:ex_data|scfifo:scfifo_component|scfifo_2331:auto_generated|a_dpfifo_9931:dpfifo|full_dff,                               ;
;                                                                                                    ;                                ; ex_data:ex_data|scfifo:scfifo_component|scfifo_2331:auto_generated|a_dpfifo_9931:dpfifo|usedw_is_0_dff,                         ;
;                                                                                                    ;                                ; ex_data:ex_data|scfifo:scfifo_component|scfifo_2331:auto_generated|a_dpfifo_9931:dpfifo|usedw_is_1_dff,                         ;
;                                                                                                    ;                                ; ex_data:ex_data|scfifo:scfifo_component|scfifo_2331:auto_generated|a_dpfifo_9931:dpfifo|usedw_is_2_dff,                         ;
;                                                                                                    ;                                ; uart_rx:uart_rx|rx_done                                                                                                         ;
; uart_rx:uart_rx|bps_dr[15]                                                                         ; Stuck at GND                   ; uart_rx:uart_rx|bps_dr[8], uart_rx:uart_rx|uart_state                                                                           ;
;                                                                                                    ; due to stuck port data_in      ;                                                                                                                                 ;
+----------------------------------------------------------------------------------------------------+--------------------------------+---------------------------------------------------------------------------------------------------------------------------------+


+------------------------------------------------------+
; General Register Statistics                          ;
+----------------------------------------------+-------+
; Statistic                                    ; Value ;
+----------------------------------------------+-------+
; Total registers                              ; 0     ;
; Number of registers using Synchronous Clear  ; 0     ;
; Number of registers using Synchronous Load   ; 0     ;
; Number of registers using Asynchronous Clear ; 0     ;
; Number of registers using Asynchronous Load  ; 0     ;
; Number of registers using Clock Enable       ; 0     ;
; Number of registers using Preset             ; 0     ;
+----------------------------------------------+-------+


+----------------------------------------------------------------------------------------------------------------------------------------+
; Source assignments for ex_data:ex_data|scfifo:scfifo_component|scfifo_2331:auto_generated|a_dpfifo_9931:dpfifo|altsyncram_pvb1:FIFOram ;
+---------------------------------+--------------------+------+--------------------------------------------------------------------------+
; Assignment                      ; Value              ; From ; To                                                                       ;
+---------------------------------+--------------------+------+--------------------------------------------------------------------------+
; OPTIMIZE_POWER_DURING_SYNTHESIS ; NORMAL_COMPILATION ; -    ; -                                                                        ;
+---------------------------------+--------------------+------+--------------------------------------------------------------------------+


+------------------------------------------------------------------------+
; Parameter Settings for User Entity Instance: Top-level Entity: |mb_rtu ;
+----------------+--------+----------------------------------------------+
; Parameter Name ; Value  ; Type                                         ;
+----------------+--------+----------------------------------------------+
; TIMER_OUT      ; 100000 ; Signed Integer                               ;
+----------------+--------+----------------------------------------------+
Note: In order to hide this table in the UI and the text report file, please set the "Show Parameter Settings in Synthesis Report" option in "Analysis and Synthesis Settings -> More Settings" to "Off".


+--------------------------------------------------------------------------------------+
; Parameter Settings for User Entity Instance: ex_data:ex_data|scfifo:scfifo_component ;
+-------------------------+--------------+---------------------------------------------+
; Parameter Name          ; Value        ; Type                                        ;
+-------------------------+--------------+---------------------------------------------+
; AUTO_CARRY_CHAINS       ; ON           ; AUTO_CARRY                                  ;
; IGNORE_CARRY_BUFFERS    ; OFF          ; IGNORE_CARRY                                ;
; AUTO_CASCADE_CHAINS     ; ON           ; AUTO_CASCADE                                ;
; IGNORE_CASCADE_BUFFERS  ; OFF          ; IGNORE_CASCADE                              ;
; lpm_width               ; 8            ; Signed Integer                              ;
; LPM_NUMWORDS            ; 1024         ; Signed Integer                              ;
; LPM_WIDTHU              ; 10           ; Signed Integer                              ;
; LPM_SHOWAHEAD           ; ON           ; Untyped                                     ;
; UNDERFLOW_CHECKING      ; ON           ; Untyped                                     ;
; OVERFLOW_CHECKING       ; ON           ; Untyped                                     ;
; ALLOW_RWCYCLE_WHEN_FULL ; OFF          ; Untyped                                     ;
; ADD_RAM_OUTPUT_REGISTER ; OFF          ; Untyped                                     ;
; ALMOST_FULL_VALUE       ; 0            ; Untyped                                     ;
; ALMOST_EMPTY_VALUE      ; 0            ; Untyped                                     ;
; ENABLE_ECC              ; FALSE        ; Untyped                                     ;
; USE_EAB                 ; ON           ; Untyped                                     ;
; MAXIMIZE_SPEED          ; 5            ; Untyped                                     ;
; DEVICE_FAMILY           ; Cyclone IV E ; Untyped                                     ;
; OPTIMIZE_FOR_SPEED      ; 5            ; Untyped                                     ;
; CBXI_PARAMETER          ; scfifo_2331  ; Untyped                                     ;
+-------------------------+--------------+---------------------------------------------+
Note: In order to hide this table in the UI and the text report file, please set the "Show Parameter Settings in Synthesis Report" option in "Analysis and Synthesis Settings -> More Settings" to "Off".


+----------------------------------------------------------------------+
; scfifo Parameter Settings by Entity Instance                         ;
+----------------------------+-----------------------------------------+
; Name                       ; Value                                   ;
+----------------------------+-----------------------------------------+
; Number of entity instances ; 1                                       ;
; Entity Instance            ; ex_data:ex_data|scfifo:scfifo_component ;
;     -- FIFO Type           ; Single Clock                            ;
;     -- lpm_width           ; 8                                       ;
;     -- LPM_NUMWORDS        ; 1024                                    ;
;     -- LPM_SHOWAHEAD       ; ON                                      ;
;     -- USE_EAB             ; ON                                      ;
+----------------------------+-----------------------------------------+


+----------------------------------------------------------------------------------------------------------------+
; Port Connectivity Checks: "ex_data:ex_data"                                                                    ;
+------+--------+----------+-------------------------------------------------------------------------------------+
; Port ; Type   ; Severity ; Details                                                                             ;
+------+--------+----------+-------------------------------------------------------------------------------------+
; q    ; Output ; Info     ; Connected to dangling logic. Logic that only feeds a dangling port will be removed. ;
+------+--------+----------+-------------------------------------------------------------------------------------+


+--------------------------------------------------+
; Port Connectivity Checks: "uart_rx:uart_rx"      ;
+----------------+-------+----------+--------------+
; Port           ; Type  ; Severity ; Details      ;
+----------------+-------+----------+--------------+
; baud_set[1..0] ; Input ; Info     ; Stuck at GND ;
; baud_set[2]    ; Input ; Info     ; Stuck at VCC ;
+----------------+-------+----------+--------------+


+---------------------------------------------------------+
; Port Connectivity Checks: "crc16_d8:crc16_d8"           ;
+------------+--------+----------+------------------------+
; Port       ; Type   ; Severity ; Details                ;
+------------+--------+----------+------------------------+
; data       ; Input  ; Info     ; Explicitly unconnected ;
; crc_init   ; Input  ; Info     ; Explicitly unconnected ;
; crc_en     ; Input  ; Info     ; Explicitly unconnected ;
; crc_result ; Output ; Info     ; Explicitly unconnected ;
+------------+--------+----------+------------------------+


+-----------------------------------------------------+
; Post-Synthesis Netlist Statistics for Top Partition ;
+-------------------+---------------------------------+
; Type              ; Count                           ;
+-------------------+---------------------------------+
; boundary_port     ; 3                               ;
;                   ;                                 ;
; Max LUT depth     ; 0.00                            ;
; Average LUT depth ; 0.00                            ;
+-------------------+---------------------------------+


+-------------------------------+
; Elapsed Time Per Partition    ;
+----------------+--------------+
; Partition Name ; Elapsed Time ;
+----------------+--------------+
; Top            ; 00:00:00     ;
+----------------+--------------+


+-------------------------------+
; Analysis & Synthesis Messages ;
+-------------------------------+
Info: *******************************************************************
Info: Running Quartus Prime Analysis & Synthesis
    Info: Version 18.1.0 Build 625 09/12/2018 SJ Standard Edition
    Info: Processing started: Mon Aug 28 18:16:49 2023
Info: Command: quartus_map --read_settings_files=on --write_settings_files=off mb_rtu -c mb_rtu
Warning (18236): Number of processors has not been specified which may cause overloading on shared machines.  Set the global assignment NUM_PARALLEL_PROCESSORS in your QSF to an appropriate value for best performance.
Info (20030): Parallel compilation is enabled and will use 16 of the 16 processors detected
Info (12021): Found 1 design units, including 1 entities, in source file /fpga/cyclone source/11_modbus_rtu/rtl/crc16_d8.v
    Info (12023): Found entity 1: crc16_d8 File: H:/FPGA/cyclone source/11_modbus_rtu/rtl/crc16_d8.v Line: 1
Info (12021): Found 1 design units, including 1 entities, in source file /fpga/cyclone source/11_modbus_rtu/rtl/mb_rtu.v
    Info (12023): Found entity 1: mb_rtu File: H:/FPGA/cyclone source/11_modbus_rtu/rtl/mb_rtu.v Line: 1
Info (12021): Found 1 design units, including 1 entities, in source file /fpga/cyclone source/11_modbus_rtu/rtl/uart_rx.v
    Info (12023): Found entity 1: uart_rx File: H:/FPGA/cyclone source/11_modbus_rtu/rtl/uart_rx.v Line: 1
Info (12021): Found 1 design units, including 1 entities, in source file /fpga/cyclone source/11_modbus_rtu/rtl/uart_tx.v
    Info (12023): Found entity 1: uart_tx File: H:/FPGA/cyclone source/11_modbus_rtu/rtl/uart_tx.v Line: 1
Info (12021): Found 1 design units, including 1 entities, in source file ip/ex_data.v
    Info (12023): Found entity 1: ex_data File: H:/FPGA/cyclone source/11_modbus_rtu/prj/ip/ex_data.v Line: 39
Info (12021): Found 1 design units, including 1 entities, in source file /fpga/cyclone source/11_modbus_rtu/testbench/mb_rtu_tb.v
    Info (12023): Found entity 1: mb_rtu_tb File: H:/FPGA/cyclone source/11_modbus_rtu/testbench/mb_rtu_tb.v Line: 2
Info (12127): Elaborating entity "mb_rtu" for the top level hierarchy
Info (12128): Elaborating entity "crc16_d8" for hierarchy "crc16_d8:crc16_d8" File: H:/FPGA/cyclone source/11_modbus_rtu/rtl/mb_rtu.v Line: 76
Info (12128): Elaborating entity "uart_rx" for hierarchy "uart_rx:uart_rx" File: H:/FPGA/cyclone source/11_modbus_rtu/rtl/mb_rtu.v Line: 85
Info (12128): Elaborating entity "ex_data" for hierarchy "ex_data:ex_data" File: H:/FPGA/cyclone source/11_modbus_rtu/rtl/mb_rtu.v Line: 96
Info (12128): Elaborating entity "scfifo" for hierarchy "ex_data:ex_data|scfifo:scfifo_component" File: H:/FPGA/cyclone source/11_modbus_rtu/prj/ip/ex_data.v Line: 74
Info (12130): Elaborated megafunction instantiation "ex_data:ex_data|scfifo:scfifo_component" File: H:/FPGA/cyclone source/11_modbus_rtu/prj/ip/ex_data.v Line: 74
Info (12133): Instantiated megafunction "ex_data:ex_data|scfifo:scfifo_component" with the following parameter: File: H:/FPGA/cyclone source/11_modbus_rtu/prj/ip/ex_data.v Line: 74
    Info (12134): Parameter "add_ram_output_register" = "OFF"
    Info (12134): Parameter "intended_device_family" = "Cyclone IV E"
    Info (12134): Parameter "lpm_numwords" = "1024"
    Info (12134): Parameter "lpm_showahead" = "ON"
    Info (12134): Parameter "lpm_type" = "scfifo"
    Info (12134): Parameter "lpm_width" = "8"
    Info (12134): Parameter "lpm_widthu" = "10"
    Info (12134): Parameter "overflow_checking" = "ON"
    Info (12134): Parameter "underflow_checking" = "ON"
    Info (12134): Parameter "use_eab" = "ON"
Info (12021): Found 1 design units, including 1 entities, in source file db/scfifo_2331.tdf
    Info (12023): Found entity 1: scfifo_2331 File: H:/FPGA/cyclone source/11_modbus_rtu/prj/db/scfifo_2331.tdf Line: 24
Info (12128): Elaborating entity "scfifo_2331" for hierarchy "ex_data:ex_data|scfifo:scfifo_component|scfifo_2331:auto_generated" File: h:/intelfpga/18.1/quartus/libraries/megafunctions/scfifo.tdf Line: 299
Info (12021): Found 1 design units, including 1 entities, in source file db/a_dpfifo_9931.tdf
    Info (12023): Found entity 1: a_dpfifo_9931 File: H:/FPGA/cyclone source/11_modbus_rtu/prj/db/a_dpfifo_9931.tdf Line: 32
Info (12128): Elaborating entity "a_dpfifo_9931" for hierarchy "ex_data:ex_data|scfifo:scfifo_component|scfifo_2331:auto_generated|a_dpfifo_9931:dpfifo" File: H:/FPGA/cyclone source/11_modbus_rtu/prj/db/scfifo_2331.tdf Line: 35
Info (12021): Found 1 design units, including 1 entities, in source file db/altsyncram_pvb1.tdf
    Info (12023): Found entity 1: altsyncram_pvb1 File: H:/FPGA/cyclone source/11_modbus_rtu/prj/db/altsyncram_pvb1.tdf Line: 27
Info (12128): Elaborating entity "altsyncram_pvb1" for hierarchy "ex_data:ex_data|scfifo:scfifo_component|scfifo_2331:auto_generated|a_dpfifo_9931:dpfifo|altsyncram_pvb1:FIFOram" File: H:/FPGA/cyclone source/11_modbus_rtu/prj/db/a_dpfifo_9931.tdf Line: 44
Info (12021): Found 1 design units, including 1 entities, in source file db/cmpr_ut8.tdf
    Info (12023): Found entity 1: cmpr_ut8 File: H:/FPGA/cyclone source/11_modbus_rtu/prj/db/cmpr_ut8.tdf Line: 22
Info (12128): Elaborating entity "cmpr_ut8" for hierarchy "ex_data:ex_data|scfifo:scfifo_component|scfifo_2331:auto_generated|a_dpfifo_9931:dpfifo|cmpr_ut8:almost_full_comparer" File: H:/FPGA/cyclone source/11_modbus_rtu/prj/db/a_dpfifo_9931.tdf Line: 53
Info (12128): Elaborating entity "cmpr_ut8" for hierarchy "ex_data:ex_data|scfifo:scfifo_component|scfifo_2331:auto_generated|a_dpfifo_9931:dpfifo|cmpr_ut8:three_comparison" File: H:/FPGA/cyclone source/11_modbus_rtu/prj/db/a_dpfifo_9931.tdf Line: 54
Info (12021): Found 1 design units, including 1 entities, in source file db/cntr_4ob.tdf
    Info (12023): Found entity 1: cntr_4ob File: H:/FPGA/cyclone source/11_modbus_rtu/prj/db/cntr_4ob.tdf Line: 25
Info (12128): Elaborating entity "cntr_4ob" for hierarchy "ex_data:ex_data|scfifo:scfifo_component|scfifo_2331:auto_generated|a_dpfifo_9931:dpfifo|cntr_4ob:rd_ptr_msb" File: H:/FPGA/cyclone source/11_modbus_rtu/prj/db/a_dpfifo_9931.tdf Line: 55
Info (12021): Found 1 design units, including 1 entities, in source file db/cntr_op7.tdf
    Info (12023): Found entity 1: cntr_op7 File: H:/FPGA/cyclone source/11_modbus_rtu/prj/db/cntr_op7.tdf Line: 25
Info (12128): Elaborating entity "cntr_op7" for hierarchy "ex_data:ex_data|scfifo:scfifo_component|scfifo_2331:auto_generated|a_dpfifo_9931:dpfifo|cntr_op7:usedw_counter" File: H:/FPGA/cyclone source/11_modbus_rtu/prj/db/a_dpfifo_9931.tdf Line: 56
Info (12021): Found 1 design units, including 1 entities, in source file db/cntr_cpb.tdf
    Info (12023): Found entity 1: cntr_cpb File: H:/FPGA/cyclone source/11_modbus_rtu/prj/db/cntr_cpb.tdf Line: 25
Info (12128): Elaborating entity "cntr_cpb" for hierarchy "ex_data:ex_data|scfifo:scfifo_component|scfifo_2331:auto_generated|a_dpfifo_9931:dpfifo|cntr_cpb:wr_ptr" File: H:/FPGA/cyclone source/11_modbus_rtu/prj/db/a_dpfifo_9931.tdf Line: 57
Warning (14284): Synthesized away the following node(s):
    Warning (14285): Synthesized away the following RAM node(s):
        Warning (14320): Synthesized away node "ex_data:ex_data|scfifo:scfifo_component|scfifo_2331:auto_generated|a_dpfifo_9931:dpfifo|altsyncram_pvb1:FIFOram|q_b[0]" File: H:/FPGA/cyclone source/11_modbus_rtu/prj/db/altsyncram_pvb1.tdf Line: 37
        Warning (14320): Synthesized away node "ex_data:ex_data|scfifo:scfifo_component|scfifo_2331:auto_generated|a_dpfifo_9931:dpfifo|altsyncram_pvb1:FIFOram|q_b[1]" File: H:/FPGA/cyclone source/11_modbus_rtu/prj/db/altsyncram_pvb1.tdf Line: 67
        Warning (14320): Synthesized away node "ex_data:ex_data|scfifo:scfifo_component|scfifo_2331:auto_generated|a_dpfifo_9931:dpfifo|altsyncram_pvb1:FIFOram|q_b[2]" File: H:/FPGA/cyclone source/11_modbus_rtu/prj/db/altsyncram_pvb1.tdf Line: 97
        Warning (14320): Synthesized away node "ex_data:ex_data|scfifo:scfifo_component|scfifo_2331:auto_generated|a_dpfifo_9931:dpfifo|altsyncram_pvb1:FIFOram|q_b[3]" File: H:/FPGA/cyclone source/11_modbus_rtu/prj/db/altsyncram_pvb1.tdf Line: 127
        Warning (14320): Synthesized away node "ex_data:ex_data|scfifo:scfifo_component|scfifo_2331:auto_generated|a_dpfifo_9931:dpfifo|altsyncram_pvb1:FIFOram|q_b[4]" File: H:/FPGA/cyclone source/11_modbus_rtu/prj/db/altsyncram_pvb1.tdf Line: 157
        Warning (14320): Synthesized away node "ex_data:ex_data|scfifo:scfifo_component|scfifo_2331:auto_generated|a_dpfifo_9931:dpfifo|altsyncram_pvb1:FIFOram|q_b[5]" File: H:/FPGA/cyclone source/11_modbus_rtu/prj/db/altsyncram_pvb1.tdf Line: 187
        Warning (14320): Synthesized away node "ex_data:ex_data|scfifo:scfifo_component|scfifo_2331:auto_generated|a_dpfifo_9931:dpfifo|altsyncram_pvb1:FIFOram|q_b[6]" File: H:/FPGA/cyclone source/11_modbus_rtu/prj/db/altsyncram_pvb1.tdf Line: 217
        Warning (14320): Synthesized away node "ex_data:ex_data|scfifo:scfifo_component|scfifo_2331:auto_generated|a_dpfifo_9931:dpfifo|altsyncram_pvb1:FIFOram|q_b[7]" File: H:/FPGA/cyclone source/11_modbus_rtu/prj/db/altsyncram_pvb1.tdf Line: 247
Info (17049): 142 registers lost all their fanouts during netlist optimizations.
Info (144001): Generated suppressed messages file H:/FPGA/cyclone source/11_modbus_rtu/prj/output_files/mb_rtu.map.smsg
Info (16010): Generating hard_block partition "hard_block:auto_generated_inst"
    Info (16011): Adding 0 node(s), including 0 DDIO, 0 PLL, 0 transceiver and 0 LCELL
Warning (21074): Design contains 3 input pin(s) that do not drive logic
    Warning (15610): No output dependent on input pin "clk" File: H:/FPGA/cyclone source/11_modbus_rtu/rtl/mb_rtu.v Line: 7
    Warning (15610): No output dependent on input pin "rst_n" File: H:/FPGA/cyclone source/11_modbus_rtu/rtl/mb_rtu.v Line: 8
    Warning (15610): No output dependent on input pin "uart_rx_wire" File: H:/FPGA/cyclone source/11_modbus_rtu/rtl/mb_rtu.v Line: 10
Info (21057): Implemented 3 device resources after synthesis - the final resource count might be different
    Info (21058): Implemented 3 input pins
    Info (21059): Implemented 0 output pins
Info: Quartus Prime Analysis & Synthesis was successful. 0 errors, 15 warnings
    Info: Peak virtual memory: 4743 megabytes
    Info: Processing ended: Mon Aug 28 18:16:56 2023
    Info: Elapsed time: 00:00:07
    Info: Total CPU time (on all processors): 00:00:17


+------------------------------------------+
; Analysis & Synthesis Suppressed Messages ;
+------------------------------------------+
The suppressed messages can be found in H:/FPGA/cyclone source/11_modbus_rtu/prj/output_files/mb_rtu.map.smsg.


