Flow report for fifo
Thu Jul 27 11:13:37 2023
Quartus Prime Version 18.1.0 Build 625 09/12/2018 SJ Standard Edition


---------------------
; Table of Contents ;
---------------------
  1. Legal Notice
  2. Flow Summary
  3. Flow Settings
  4. Flow Non-Default Global Settings
  5. Flow Elapsed Time
  6. Flow OS Summary
  7. Flow Log
  8. Flow Messages
  9. Flow Suppressed Messages



----------------
; Legal Notice ;
----------------
Copyright (C) 2018  Intel Corporation. All rights reserved.
Your use of Intel Corporation's design tools, logic functions 
and other software and tools, and its AMPP partner logic 
functions, and any output files from any of the foregoing 
(including device programming or simulation files), and any 
associated documentation or information are expressly subject 
to the terms and conditions of the Intel Program License 
Subscription Agreement, the Intel Quartus Prime License Agreement,
the Intel FPGA IP License Agreement, or other applicable license
agreement, including, without limitation, that your use is for
the sole purpose of programming logic devices manufactured by
Intel and sold by Intel or its authorized distributors.  Please
refer to the applicable agreement for further details.



+--------------------------------------------------------------------------------------+
; Flow Summary                                                                         ;
+------------------------------------+-------------------------------------------------+
; Flow Status                        ; Successful - Thu Jul 27 11:13:37 2023           ;
; Quartus Prime Version              ; 18.1.0 Build 625 09/12/2018 SJ Standard Edition ;
; Revision Name                      ; fifo                                            ;
; Top-level Entity Name              ; mydcfifo                                        ;
; Family                             ; Cyclone IV E                                    ;
; Device                             ; EP4CE10F17C8                                    ;
; Timing Models                      ; Final                                           ;
; Total logic elements               ; 159 / 10,320 ( 2 % )                            ;
;     Total combinational functions  ; 106 / 10,320 ( 1 % )                            ;
;     Dedicated logic registers      ; 124 / 10,320 ( 1 % )                            ;
; Total registers                    ; 124                                             ;
; Total pins                         ; 47 / 180 ( 26 % )                               ;
; Total virtual pins                 ; 0                                               ;
; Total memory bits                  ; 4,096 / 423,936 ( < 1 % )                       ;
; Embedded Multiplier 9-bit elements ; 0 / 46 ( 0 % )                                  ;
; Total PLLs                         ; 0 / 2 ( 0 % )                                   ;
+------------------------------------+-------------------------------------------------+


+-----------------------------------------+
; Flow Settings                           ;
+-------------------+---------------------+
; Option            ; Setting             ;
+-------------------+---------------------+
; Start date & time ; 07/27/2023 11:13:18 ;
; Main task         ; Compilation         ;
; Revision Name     ; fifo                ;
+-------------------+---------------------+


+------------------------------------------------------------------------------------------------------------------------------+
; Flow Non-Default Global Settings                                                                                             ;
+--------------------------------------+----------------------------------------+---------------+-------------+----------------+
; Assignment Name                      ; Value                                  ; Default Value ; Entity Name ; Section Id     ;
+--------------------------------------+----------------------------------------+---------------+-------------+----------------+
; COMPILER_SIGNATURE_ID                ; 198112243479721.169042759806364        ; --            ; --          ; --             ;
; EDA_DESIGN_INSTANCE_NAME             ; NA                                     ; --            ; --          ; myscfifo_tb    ;
; EDA_DESIGN_INSTANCE_NAME             ; NA                                     ; --            ; --          ; mudcfifo_tb    ;
; EDA_NATIVELINK_SIMULATION_TEST_BENCH ; mudcfifo_tb                            ; --            ; --          ; eda_simulation ;
; EDA_OUTPUT_DATA_FORMAT               ; Verilog Hdl                            ; --            ; --          ; eda_simulation ;
; EDA_SIMULATION_TOOL                  ; ModelSim-Altera (Verilog)              ; <None>        ; --          ; --             ;
; EDA_TEST_BENCH_ENABLE_STATUS         ; TEST_BENCH_MODE                        ; --            ; --          ; eda_simulation ;
; EDA_TEST_BENCH_FILE                  ; ../testbench/myscfifo_tb.v             ; --            ; --          ; myscfifo_tb    ;
; EDA_TEST_BENCH_FILE                  ; ../testbench/mydcfifo_tb.v             ; --            ; --          ; mudcfifo_tb    ;
; EDA_TEST_BENCH_MODULE_NAME           ; myscfifo_tb                            ; --            ; --          ; myscfifo_tb    ;
; EDA_TEST_BENCH_MODULE_NAME           ; mudcfifo_tb                            ; --            ; --          ; mudcfifo_tb    ;
; EDA_TEST_BENCH_NAME                  ; myscfifo_tb                            ; --            ; --          ; eda_simulation ;
; EDA_TEST_BENCH_NAME                  ; mudcfifo_tb                            ; --            ; --          ; eda_simulation ;
; EDA_TIME_SCALE                       ; 1 ps                                   ; --            ; --          ; eda_simulation ;
; MAX_CORE_JUNCTION_TEMP               ; 85                                     ; --            ; --          ; --             ;
; MIN_CORE_JUNCTION_TEMP               ; 0                                      ; --            ; --          ; --             ;
; MISC_FILE                            ; ip/myscfifo_bb.v                       ; --            ; --          ; --             ;
; MISC_FILE                            ; ip/mydcfifo_bb.v                       ; --            ; --          ; --             ;
; NOMINAL_CORE_SUPPLY_VOLTAGE          ; 1.2V                                   ; --            ; --          ; --             ;
; PARTITION_COLOR                      ; -- (Not supported for targeted family) ; --            ; mydcfifo    ; Top            ;
; PARTITION_FITTER_PRESERVATION_LEVEL  ; -- (Not supported for targeted family) ; --            ; mydcfifo    ; Top            ;
; PARTITION_NETLIST_TYPE               ; -- (Not supported for targeted family) ; --            ; mydcfifo    ; Top            ;
; POWER_BOARD_THERMAL_MODEL            ; None (CONSERVATIVE)                    ; --            ; --          ; --             ;
; POWER_PRESET_COOLING_SOLUTION        ; 23 MM HEAT SINK WITH 200 LFPM AIRFLOW  ; --            ; --          ; --             ;
; PROJECT_OUTPUT_DIRECTORY             ; output_files                           ; --            ; --          ; --             ;
; TOP_LEVEL_ENTITY                     ; mydcfifo                               ; fifo          ; --          ; --             ;
+--------------------------------------+----------------------------------------+---------------+-------------+----------------+


+--------------------------------------------------------------------------------------------------------------------------+
; Flow Elapsed Time                                                                                                        ;
+----------------------+--------------+-------------------------+---------------------+------------------------------------+
; Module Name          ; Elapsed Time ; Average Processors Used ; Peak Virtual Memory ; Total CPU Time (on all processors) ;
+----------------------+--------------+-------------------------+---------------------+------------------------------------+
; Analysis & Synthesis ; 00:00:08     ; 1.0                     ; 4847 MB             ; 00:00:18                           ;
; Fitter               ; 00:00:04     ; 1.1                     ; 6504 MB             ; 00:00:07                           ;
; Assembler            ; 00:00:01     ; 1.0                     ; 4672 MB             ; 00:00:01                           ;
; Timing Analyzer      ; 00:00:01     ; 1.1                     ; 4899 MB             ; 00:00:01                           ;
; EDA Netlist Writer   ; 00:00:01     ; 1.0                     ; 4640 MB             ; 00:00:01                           ;
; Total                ; 00:00:15     ; --                      ; --                  ; 00:00:28                           ;
+----------------------+--------------+-------------------------+---------------------+------------------------------------+


+------------------------------------------------------------------------------------+
; Flow OS Summary                                                                    ;
+----------------------+------------------+------------+------------+----------------+
; Module Name          ; Machine Hostname ; OS Name    ; OS Version ; Processor type ;
+----------------------+------------------+------------+------------+----------------+
; Analysis & Synthesis ; Snail            ; Windows 10 ; 10.0       ; x86_64         ;
; Fitter               ; Snail            ; Windows 10 ; 10.0       ; x86_64         ;
; Assembler            ; Snail            ; Windows 10 ; 10.0       ; x86_64         ;
; Timing Analyzer      ; Snail            ; Windows 10 ; 10.0       ; x86_64         ;
; EDA Netlist Writer   ; Snail            ; Windows 10 ; 10.0       ; x86_64         ;
+----------------------+------------------+------------+------------+----------------+


------------
; Flow Log ;
------------
quartus_map --read_settings_files=on --write_settings_files=off fifo -c fifo
quartus_fit --read_settings_files=off --write_settings_files=off fifo -c fifo
quartus_asm --read_settings_files=off --write_settings_files=off fifo -c fifo
quartus_sta fifo -c fifo
quartus_eda --read_settings_files=off --write_settings_files=off fifo -c fifo



