Flow report for ad7606
Tue Sep 05 18:59:31 2023
Quartus Prime Version 18.1.0 Build 625 09/12/2018 SJ Standard Edition


---------------------
; Table of Contents ;
---------------------
  1. Legal Notice
  2. Flow Summary
  3. Flow Settings
  4. Flow Non-Default Global Settings
  5. Flow Elapsed Time
  6. Flow OS Summary
  7. Flow Log
  8. Flow Messages
  9. Flow Suppressed Messages



----------------
; Legal Notice ;
----------------
Copyright (C) 2018  Intel Corporation. All rights reserved.
Your use of Intel Corporation's design tools, logic functions 
and other software and tools, and its AMPP partner logic 
functions, and any output files from any of the foregoing 
(including device programming or simulation files), and any 
associated documentation or information are expressly subject 
to the terms and conditions of the Intel Program License 
Subscription Agreement, the Intel Quartus Prime License Agreement,
the Intel FPGA IP License Agreement, or other applicable license
agreement, including, without limitation, that your use is for
the sole purpose of programming logic devices manufactured by
Intel and sold by Intel or its authorized distributors.  Please
refer to the applicable agreement for further details.



+--------------------------------------------------------------------------------------+
; Flow Summary                                                                         ;
+------------------------------------+-------------------------------------------------+
; Flow Status                        ; Successful - Tue Sep 05 18:59:31 2023           ;
; Quartus Prime Version              ; 18.1.0 Build 625 09/12/2018 SJ Standard Edition ;
; Revision Name                      ; ad7606                                          ;
; Top-level Entity Name              ; ad_control_top                                  ;
; Family                             ; Cyclone IV E                                    ;
; Device                             ; EP4CE10F17C8                                    ;
; Timing Models                      ; Final                                           ;
; Total logic elements               ; 2,006                                           ;
;     Total combinational functions  ; 1,157                                           ;
;     Dedicated logic registers      ; 1,577                                           ;
; Total registers                    ; 1577                                            ;
; Total pins                         ; 26                                              ;
; Total virtual pins                 ; 0                                               ;
; Total memory bits                  ; 205,890                                         ;
; Embedded Multiplier 9-bit elements ; 7                                               ;
; Total PLLs                         ; 0                                               ;
+------------------------------------+-------------------------------------------------+


+-----------------------------------------+
; Flow Settings                           ;
+-------------------+---------------------+
; Option            ; Setting             ;
+-------------------+---------------------+
; Start date & time ; 09/05/2023 18:59:07 ;
; Main task         ; Compilation         ;
; Revision Name     ; ad7606              ;
+-------------------+---------------------+


+------------------------------------------------------------------------------------------------------------------------------------------------------------------------------------------------------------------------------------------------------------------------------------------------------------------------------------------------+
; Flow Non-Default Global Settings                                                                                                                                                                                                                                                                                                               ;
+--------------------------------------+----------------------------------------------------------------------------------------------------------------------------------------------------------------------------------------------------------------------------------------------------+---------------+----------------+-------------------+
; Assignment Name                      ; Value                                                                                                                                                                                                                                              ; Default Value ; Entity Name    ; Section Id        ;
+--------------------------------------+----------------------------------------------------------------------------------------------------------------------------------------------------------------------------------------------------------------------------------------------------+---------------+----------------+-------------------+
; COMPILER_SIGNATURE_ID                ; 198112243479721.169391154716192                                                                                                                                                                                                                    ; --            ; --             ; --                ;
; EDA_DESIGN_INSTANCE_NAME             ; NA                                                                                                                                                                                                                                                 ; --            ; --             ; ad7606_tb         ;
; EDA_DESIGN_INSTANCE_NAME             ; NA                                                                                                                                                                                                                                                 ; --            ; --             ; ad_control_top_tb ;
; EDA_DESIGN_INSTANCE_NAME             ; NA                                                                                                                                                                                                                                                 ; --            ; --             ; ad_data_proc_tb   ;
; EDA_NATIVELINK_SIMULATION_TEST_BENCH ; ad_control_top_tb                                                                                                                                                                                                                                  ; --            ; --             ; eda_simulation    ;
; EDA_OUTPUT_DATA_FORMAT               ; Verilog Hdl                                                                                                                                                                                                                                        ; --            ; --             ; eda_simulation    ;
; EDA_SIMULATION_TOOL                  ; ModelSim-Altera (Verilog)                                                                                                                                                                                                                          ; <None>        ; --             ; --                ;
; EDA_TEST_BENCH_ENABLE_STATUS         ; TEST_BENCH_MODE                                                                                                                                                                                                                                    ; --            ; --             ; eda_simulation    ;
; EDA_TEST_BENCH_FILE                  ; ../testbench/ad7606_tb.v                                                                                                                                                                                                                           ; --            ; --             ; ad7606_tb         ;
; EDA_TEST_BENCH_FILE                  ; ../testbench/ad_control_top_tb.v                                                                                                                                                                                                                   ; --            ; --             ; ad_control_top_tb ;
; EDA_TEST_BENCH_FILE                  ; ../testbench/ad_data_proc_tb.v                                                                                                                                                                                                                     ; --            ; --             ; ad_data_proc_tb   ;
; EDA_TEST_BENCH_MODULE_NAME           ; ad7606_tb                                                                                                                                                                                                                                          ; --            ; --             ; ad7606_tb         ;
; EDA_TEST_BENCH_MODULE_NAME           ; ad_control_top_tb                                                                                                                                                                                                                                  ; --            ; --             ; ad_control_top_tb ;
; EDA_TEST_BENCH_MODULE_NAME           ; ad_data_proc_tb                                                                                                                                                                                                                                    ; --            ; --             ; ad_data_proc_tb   ;
; EDA_TEST_BENCH_NAME                  ; ad7606_tb                                                                                                                                                                                                                                          ; --            ; --             ; eda_simulation    ;
; EDA_TEST_BENCH_NAME                  ; ad_data_proc_tb                                                                                                                                                                                                                                    ; --            ; --             ; eda_simulation    ;
; EDA_TEST_BENCH_NAME                  ; ad_control_top_tb                                                                                                                                                                                                                                  ; --            ; --             ; eda_simulation    ;
; EDA_TIME_SCALE                       ; 1 ps                                                                                                                                                                                                                                               ; --            ; --             ; eda_simulation    ;
; ENABLE_SIGNALTAP                     ; On                                                                                                                                                                                                                                                 ; --            ; --             ; --                ;
; MAX_CORE_JUNCTION_TEMP               ; 85                                                                                                                                                                                                                                                 ; --            ; --             ; --                ;
; MIN_CORE_JUNCTION_TEMP               ; 0                                                                                                                                                                                                                                                  ; --            ; --             ; --                ;
; MISC_FILE                            ; ip/ad_fifo_bb.v                                                                                                                                                                                                                                    ; --            ; --             ; --                ;
; MISC_FILE                            ; ip/short_to_float.bsf                                                                                                                                                                                                                              ; --            ; --             ; --                ;
; MISC_FILE                            ; ip/short_to_float_inst.v                                                                                                                                                                                                                           ; --            ; --             ; --                ;
; MISC_FILE                            ; ip/short_to_float_bb.v                                                                                                                                                                                                                             ; --            ; --             ; --                ;
; MISC_FILE                            ; ip/short_to_float.inc                                                                                                                                                                                                                              ; --            ; --             ; --                ;
; MISC_FILE                            ; ip/short_to_float.cmp                                                                                                                                                                                                                              ; --            ; --             ; --                ;
; MISC_FILE                            ; ip/mult.bsf                                                                                                                                                                                                                                        ; --            ; --             ; --                ;
; MISC_FILE                            ; ip/mult_inst.v                                                                                                                                                                                                                                     ; --            ; --             ; --                ;
; MISC_FILE                            ; ip/mult_bb.v                                                                                                                                                                                                                                       ; --            ; --             ; --                ;
; MISC_FILE                            ; ip/mult.inc                                                                                                                                                                                                                                        ; --            ; --             ; --                ;
; MISC_FILE                            ; ip/mult.cmp                                                                                                                                                                                                                                        ; --            ; --             ; --                ;
; MISC_FILE                            ; ip/data_fifo_bb.v                                                                                                                                                                                                                                  ; --            ; --             ; --                ;
; NOMINAL_CORE_SUPPLY_VOLTAGE          ; 1.2V                                                                                                                                                                                                                                               ; --            ; --             ; --                ;
; PARTITION_COLOR                      ; -- (Not supported for targeted family)                                                                                                                                                                                                             ; --            ; ad_control_top ; Top               ;
; PARTITION_FITTER_PRESERVATION_LEVEL  ; -- (Not supported for targeted family)                                                                                                                                                                                                             ; --            ; ad_control_top ; Top               ;
; PARTITION_NETLIST_TYPE               ; -- (Not supported for targeted family)                                                                                                                                                                                                             ; --            ; ad_control_top ; Top               ;
; POWER_BOARD_THERMAL_MODEL            ; None (CONSERVATIVE)                                                                                                                                                                                                                                ; --            ; --             ; --                ;
; POWER_PRESET_COOLING_SOLUTION        ; 23 MM HEAT SINK WITH 200 LFPM AIRFLOW                                                                                                                                                                                                              ; --            ; --             ; --                ;
; PROJECT_OUTPUT_DIRECTORY             ; output_files                                                                                                                                                                                                                                       ; --            ; --             ; --                ;
; SLD_FILE                             ; db/stp2_auto_stripped.stp                                                                                                                                                                                                                          ; --            ; --             ; --                ;
; SLD_NODE_CREATOR_ID                  ; 110                                                                                                                                                                                                                                                ; --            ; --             ; auto_signaltap_0  ;
; SLD_NODE_ENTITY_NAME                 ; sld_signaltap                                                                                                                                                                                                                                      ; --            ; --             ; auto_signaltap_0  ;
; SLD_NODE_PARAMETER_ASSIGNMENT        ; SLD_RAM_BLOCK_TYPE=AUTO                                                                                                                                                                                                                            ; --            ; --             ; auto_signaltap_0  ;
; SLD_NODE_PARAMETER_ASSIGNMENT        ; SLD_NODE_INFO=805334528                                                                                                                                                                                                                            ; --            ; --             ; auto_signaltap_0  ;
; SLD_NODE_PARAMETER_ASSIGNMENT        ; SLD_POWER_UP_TRIGGER=0                                                                                                                                                                                                                             ; --            ; --             ; auto_signaltap_0  ;
; SLD_NODE_PARAMETER_ASSIGNMENT        ; SLD_SEGMENT_SIZE=4096                                                                                                                                                                                                                              ; --            ; --             ; auto_signaltap_0  ;
; SLD_NODE_PARAMETER_ASSIGNMENT        ; SLD_ATTRIBUTE_MEM_MODE=OFF                                                                                                                                                                                                                         ; --            ; --             ; auto_signaltap_0  ;
; SLD_NODE_PARAMETER_ASSIGNMENT        ; SLD_STATE_FLOW_USE_GENERATED=0                                                                                                                                                                                                                     ; --            ; --             ; auto_signaltap_0  ;
; SLD_NODE_PARAMETER_ASSIGNMENT        ; SLD_STATE_BITS=11                                                                                                                                                                                                                                  ; --            ; --             ; auto_signaltap_0  ;
; SLD_NODE_PARAMETER_ASSIGNMENT        ; SLD_BUFFER_FULL_STOP=1                                                                                                                                                                                                                             ; --            ; --             ; auto_signaltap_0  ;
; SLD_NODE_PARAMETER_ASSIGNMENT        ; SLD_CURRENT_RESOURCE_WIDTH=1                                                                                                                                                                                                                       ; --            ; --             ; auto_signaltap_0  ;
; SLD_NODE_PARAMETER_ASSIGNMENT        ; SLD_INCREMENTAL_ROUTING=1                                                                                                                                                                                                                          ; --            ; --             ; auto_signaltap_0  ;
; SLD_NODE_PARAMETER_ASSIGNMENT        ; SLD_TRIGGER_LEVEL=1                                                                                                                                                                                                                                ; --            ; --             ; auto_signaltap_0  ;
; SLD_NODE_PARAMETER_ASSIGNMENT        ; SLD_SAMPLE_DEPTH=4096                                                                                                                                                                                                                              ; --            ; --             ; auto_signaltap_0  ;
; SLD_NODE_PARAMETER_ASSIGNMENT        ; SLD_TRIGGER_IN_ENABLED=0                                                                                                                                                                                                                           ; --            ; --             ; auto_signaltap_0  ;
; SLD_NODE_PARAMETER_ASSIGNMENT        ; SLD_TRIGGER_PIPELINE=0                                                                                                                                                                                                                             ; --            ; --             ; auto_signaltap_0  ;
; SLD_NODE_PARAMETER_ASSIGNMENT        ; SLD_RAM_PIPELINE=0                                                                                                                                                                                                                                 ; --            ; --             ; auto_signaltap_0  ;
; SLD_NODE_PARAMETER_ASSIGNMENT        ; SLD_COUNTER_PIPELINE=0                                                                                                                                                                                                                             ; --            ; --             ; auto_signaltap_0  ;
; SLD_NODE_PARAMETER_ASSIGNMENT        ; SLD_ADVANCED_TRIGGER_ENTITY=basic,1,                                                                                                                                                                                                               ; --            ; --             ; auto_signaltap_0  ;
; SLD_NODE_PARAMETER_ASSIGNMENT        ; SLD_TRIGGER_LEVEL_PIPELINE=1                                                                                                                                                                                                                       ; --            ; --             ; auto_signaltap_0  ;
; SLD_NODE_PARAMETER_ASSIGNMENT        ; SLD_ENABLE_ADVANCED_TRIGGER=0                                                                                                                                                                                                                      ; --            ; --             ; auto_signaltap_0  ;
; SLD_NODE_PARAMETER_ASSIGNMENT        ; SLD_DATA_BITS=49                                                                                                                                                                                                                                   ; --            ; --             ; auto_signaltap_0  ;
; SLD_NODE_PARAMETER_ASSIGNMENT        ; SLD_TRIGGER_BITS=49                                                                                                                                                                                                                                ; --            ; --             ; auto_signaltap_0  ;
; SLD_NODE_PARAMETER_ASSIGNMENT        ; SLD_STORAGE_QUALIFIER_BITS=49                                                                                                                                                                                                                      ; --            ; --             ; auto_signaltap_0  ;
; SLD_NODE_PARAMETER_ASSIGNMENT        ; SLD_INVERSION_MASK=0000000000000000000000000000000000000000000000000000000000000000000000000000000000000000000000000000000000000000000000000000000000000000000000000000000000000000000000000000000000000000000000000000000000000000000000000000000 ; --            ; --             ; auto_signaltap_0  ;
; SLD_NODE_PARAMETER_ASSIGNMENT        ; SLD_INVERSION_MASK_LENGTH=223                                                                                                                                                                                                                      ; --            ; --             ; auto_signaltap_0  ;
; SLD_NODE_PARAMETER_ASSIGNMENT        ; SLD_STORAGE_QUALIFIER_INVERSION_MASK_LENGTH=50                                                                                                                                                                                                     ; --            ; --             ; auto_signaltap_0  ;
; SLD_NODE_PARAMETER_ASSIGNMENT        ; SLD_STORAGE_QUALIFIER_GAP_RECORD=1                                                                                                                                                                                                                 ; --            ; --             ; auto_signaltap_0  ;
; SLD_NODE_PARAMETER_ASSIGNMENT        ; SLD_STORAGE_QUALIFIER_MODE=TRANSITIONAL                                                                                                                                                                                                            ; --            ; --             ; auto_signaltap_0  ;
; TOP_LEVEL_ENTITY                     ; ad_control_top                                                                                                                                                                                                                                     ; ad7606        ; --             ; --                ;
; USE_SIGNALTAP_FILE                   ; ../stp2.stp                                                                                                                                                                                                                                        ; --            ; --             ; --                ;
+--------------------------------------+----------------------------------------------------------------------------------------------------------------------------------------------------------------------------------------------------------------------------------------------------+---------------+----------------+-------------------+


+--------------------------------------------------------------------------------------------------------------------------+
; Flow Elapsed Time                                                                                                        ;
+----------------------+--------------+-------------------------+---------------------+------------------------------------+
; Module Name          ; Elapsed Time ; Average Processors Used ; Peak Virtual Memory ; Total CPU Time (on all processors) ;
+----------------------+--------------+-------------------------+---------------------+------------------------------------+
; Analysis & Synthesis ; 00:00:23     ; 1.0                     ; 4930 MB             ; 00:00:56                           ;
; Total                ; 00:00:23     ; --                      ; --                  ; 00:00:56                           ;
+----------------------+--------------+-------------------------+---------------------+------------------------------------+


+------------------------------------------------------------------------------------+
; Flow OS Summary                                                                    ;
+----------------------+------------------+------------+------------+----------------+
; Module Name          ; Machine Hostname ; OS Name    ; OS Version ; Processor type ;
+----------------------+------------------+------------+------------+----------------+
; Analysis & Synthesis ; Snail            ; Windows 10 ; 10.0       ; x86_64         ;
+----------------------+------------------+------------+------------+----------------+


------------
; Flow Log ;
------------
quartus_map --read_settings_files=on --write_settings_files=off ad7606 -c ad7606



